0 info it worked if it ends with ok
1 verbose cli [ 'node', '/usr/bin/npm', 'install', 'mocha', 'chai', '--save-dev' ]
2 info using npm@2.13.1
3 info using node@v0.10.40
4 verbose node symlink /usr/bin/node
5 verbose install initial load of /home/james/Dropbox/CCE/svc2/package.json
6 verbose readDependencies loading dependencies from /home/james/Dropbox/CCE/svc2/package.json
7 silly cache add args [ 'mocha', null ]
8 verbose cache add spec mocha
9 silly cache add args [ 'chai', null ]
10 verbose cache add spec chai
11 silly cache add parsed spec { raw: 'mocha',
11 silly cache add   scope: null,
11 silly cache add   name: 'mocha',
11 silly cache add   rawSpec: '',
11 silly cache add   spec: '*',
11 silly cache add   type: 'range' }
12 silly addNamed mocha@*
13 verbose addNamed "*" is a valid semver range for mocha
14 silly addNameRange { name: 'mocha', range: '*', hasData: false }
15 silly mapToRegistry name mocha
16 silly mapToRegistry using default registry
17 silly mapToRegistry registry https://registry.npmjs.org/
18 silly mapToRegistry uri https://registry.npmjs.org/mocha
19 verbose addNameRange registry:https://registry.npmjs.org/mocha not in flight; fetching
20 silly cache add parsed spec { raw: 'chai',
20 silly cache add   scope: null,
20 silly cache add   name: 'chai',
20 silly cache add   rawSpec: '',
20 silly cache add   spec: '*',
20 silly cache add   type: 'range' }
21 silly addNamed chai@*
22 verbose addNamed "*" is a valid semver range for chai
23 silly addNameRange { name: 'chai', range: '*', hasData: false }
24 silly mapToRegistry name chai
25 silly mapToRegistry using default registry
26 silly mapToRegistry registry https://registry.npmjs.org/
27 silly mapToRegistry uri https://registry.npmjs.org/chai
28 verbose addNameRange registry:https://registry.npmjs.org/chai not in flight; fetching
29 verbose request uri https://registry.npmjs.org/mocha
30 verbose request no auth needed
31 info attempt registry request try #1 at 16:12:48
32 verbose request id 65dbfa6a03093fce
33 http request GET https://registry.npmjs.org/mocha
34 verbose request uri https://registry.npmjs.org/chai
35 verbose request no auth needed
36 info attempt registry request try #1 at 16:12:48
37 http request GET https://registry.npmjs.org/chai
38 http 200 https://registry.npmjs.org/chai
39 silly get cb [ 200,
39 silly get   { server: 'CouchDB/1.5.0 (Erlang OTP/R16B03)',
39 silly get     etag: '"A0LBAB1KPL4HNYWUGCHZ1RD3J"',
39 silly get     'content-type': 'application/json',
39 silly get     'cache-control': 'max-age=60',
39 silly get     'content-length': '78518',
39 silly get     'accept-ranges': 'bytes',
39 silly get     date: 'Thu, 23 Jul 2015 21:12:48 GMT',
39 silly get     via: '1.1 varnish',
39 silly get     age: '40',
39 silly get     connection: 'keep-alive',
39 silly get     'x-served-by': 'cache-ord1732-ORD',
39 silly get     'x-cache': 'HIT',
39 silly get     'x-cache-hits': '1',
39 silly get     'x-timer': 'S1437685968.803479,VS0,VE0',
39 silly get     vary: 'Accept' } ]
40 verbose get saving chai to /home/james/.npm/registry.npmjs.org/chai/.cache.json
41 http 200 https://registry.npmjs.org/mocha
42 silly get cb [ 200,
42 silly get   { server: 'CouchDB/1.5.0 (Erlang OTP/R16B03)',
42 silly get     etag: '"DKIV9WI5J3WAU1RVN3DA6VGY9"',
42 silly get     'content-type': 'application/json',
42 silly get     'cache-control': 'max-age=60',
42 silly get     'content-length': '113086',
42 silly get     'accept-ranges': 'bytes',
42 silly get     date: 'Thu, 23 Jul 2015 21:12:48 GMT',
42 silly get     via: '1.1 varnish',
42 silly get     age: '50',
42 silly get     connection: 'keep-alive',
42 silly get     'x-served-by': 'cache-ord1730-ORD',
42 silly get     'x-cache': 'HIT',
42 silly get     'x-cache-hits': '2',
42 silly get     'x-timer': 'S1437685968.805184,VS0,VE0',
42 silly get     vary: 'Accept' } ]
43 verbose get saving mocha to /home/james/.npm/registry.npmjs.org/mocha/.cache.json
44 silly addNameRange number 2 { name: 'chai', range: '*', hasData: true }
45 silly addNameRange versions [ 'chai',
45 silly addNameRange   [ '0.0.1',
45 silly addNameRange     '0.0.2',
45 silly addNameRange     '0.1.0',
45 silly addNameRange     '0.1.1',
45 silly addNameRange     '0.1.2',
45 silly addNameRange     '0.1.3',
45 silly addNameRange     '0.1.4',
45 silly addNameRange     '0.1.5',
45 silly addNameRange     '0.1.6',
45 silly addNameRange     '0.1.7',
45 silly addNameRange     '0.2.0',
45 silly addNameRange     '0.2.1',
45 silly addNameRange     '0.2.2',
45 silly addNameRange     '0.2.3',
45 silly addNameRange     '0.2.4',
45 silly addNameRange     '0.3.0',
45 silly addNameRange     '0.3.1',
45 silly addNameRange     '0.3.2',
45 silly addNameRange     '0.3.3',
45 silly addNameRange     '0.3.4',
45 silly addNameRange     '0.4.0',
45 silly addNameRange     '0.4.1',
45 silly addNameRange     '0.4.2',
45 silly addNameRange     '0.5.0',
45 silly addNameRange     '0.5.1',
45 silly addNameRange     '0.5.2',
45 silly addNameRange     '0.5.3',
45 silly addNameRange     '1.0.0',
45 silly addNameRange     '1.0.1',
45 silly addNameRange     '1.0.2',
45 silly addNameRange     '1.0.3',
45 silly addNameRange     '1.0.4',
45 silly addNameRange     '1.1.0',
45 silly addNameRange     '1.1.1',
45 silly addNameRange     '1.2.0',
45 silly addNameRange     '1.3.0',
45 silly addNameRange     '1.4.0',
45 silly addNameRange     '1.4.1',
45 silly addNameRange     '1.4.2',
45 silly addNameRange     '1.5.0',
45 silly addNameRange     '1.6.0',
45 silly addNameRange     '1.6.1',
45 silly addNameRange     '1.7.0',
45 silly addNameRange     '1.7.1',
45 silly addNameRange     '1.7.2',
45 silly addNameRange     '1.8.0',
45 silly addNameRange     '1.8.1',
45 silly addNameRange     '1.9.0',
45 silly addNameRange     '1.9.1',
45 silly addNameRange     '1.9.2',
45 silly addNameRange     '1.10.0',
45 silly addNameRange     '2.0.0',
45 silly addNameRange     '2.1.0',
45 silly addNameRange     '2.1.1',
45 silly addNameRange     '2.1.2',
45 silly addNameRange     '2.2.0',
45 silly addNameRange     '2.3.0',
45 silly addNameRange     '3.0.0',
45 silly addNameRange     '3.1.0',
45 silly addNameRange     '3.2.0' ] ]
46 silly addNamed chai@3.2.0
47 verbose addNamed "3.2.0" is a plain semver version for chai
48 silly mapToRegistry name chai
49 silly mapToRegistry using default registry
50 silly mapToRegistry registry https://registry.npmjs.org/
51 silly mapToRegistry uri https://registry.npmjs.org/chai
52 verbose addRemoteTarball https://registry.npmjs.org/chai/-/chai-3.2.0.tgz not in flight; adding
53 verbose addRemoteTarball [ 'https://registry.npmjs.org/chai/-/chai-3.2.0.tgz',
53 verbose addRemoteTarball   'a91c06acc01057f4f4b67ed7785bd7ff4466b2fb' ]
54 silly addNameRange number 2 { name: 'mocha', range: '*', hasData: true }
55 silly addNameRange versions [ 'mocha',
55 silly addNameRange   [ '0.0.1-alpha1',
55 silly addNameRange     '0.0.1-alpha2',
55 silly addNameRange     '0.0.1-alpha3',
55 silly addNameRange     '0.0.1-alpha4',
55 silly addNameRange     '0.0.1-alpha5',
55 silly addNameRange     '0.0.1-alpha6',
55 silly addNameRange     '0.0.1',
55 silly addNameRange     '0.0.2',
55 silly addNameRange     '0.0.3',
55 silly addNameRange     '0.0.4',
55 silly addNameRange     '0.0.5',
55 silly addNameRange     '0.0.6',
55 silly addNameRange     '0.0.7',
55 silly addNameRange     '0.0.8',
55 silly addNameRange     '0.1.0',
55 silly addNameRange     '0.2.0',
55 silly addNameRange     '0.3.0',
55 silly addNameRange     '0.3.1',
55 silly addNameRange     '0.3.2',
55 silly addNameRange     '0.3.3',
55 silly addNameRange     '0.3.4',
55 silly addNameRange     '0.3.6',
55 silly addNameRange     '0.4.0',
55 silly addNameRange     '0.5.0',
55 silly addNameRange     '0.6.0',
55 silly addNameRange     '0.7.0',
55 silly addNameRange     '0.7.1',
55 silly addNameRange     '0.8.0',
55 silly addNameRange     '0.8.1',
55 silly addNameRange     '0.9.0',
55 silly addNameRange     '0.10.0',
55 silly addNameRange     '0.10.1',
55 silly addNameRange     '0.10.2',
55 silly addNameRange     '0.11.0',
55 silly addNameRange     '0.12.0',
55 silly addNameRange     '0.12.1',
55 silly addNameRange     '0.13.0',
55 silly addNameRange     '0.14.0',
55 silly addNameRange     '0.14.1',
55 silly addNameRange     '1.0.0',
55 silly addNameRange     '1.0.1',
55 silly addNameRange     '1.0.2',
55 silly addNameRange     '1.0.3',
55 silly addNameRange     '1.1.0',
55 silly addNameRange     '1.2.0',
55 silly addNameRange     '1.2.1',
55 silly addNameRange     '1.2.2',
55 silly addNameRange     '1.3.0',
55 silly addNameRange     '1.3.1',
55 silly addNameRange     '1.3.2',
55 silly addNameRange     '1.4.0',
55 silly addNameRange     '1.4.1',
55 silly addNameRange     '1.4.2',
55 silly addNameRange     '1.4.3',
55 silly addNameRange     '1.5.0',
55 silly addNameRange     '1.6.0',
55 silly addNameRange     '1.7.0',
55 silly addNameRange     '1.7.1',
55 silly addNameRange     '1.7.2',
55 silly addNameRange     '1.7.3',
55 silly addNameRange     '1.7.4',
55 silly addNameRange     '1.8.0',
55 silly addNameRange     '1.8.1',
55 silly addNameRange     '1.8.2',
55 silly addNameRange     '1.9.0',
55 silly addNameRange     '1.10.0',
55 silly addNameRange     '1.11.0',
55 silly addNameRange     '1.12.0',
55 silly addNameRange     '1.12.1',
55 silly addNameRange     '1.13.0',
55 silly addNameRange     '1.14.0',
55 silly addNameRange     '1.15.0',
55 silly addNameRange     '1.15.1',
55 silly addNameRange     '1.16.0',
55 silly addNameRange     '1.16.1',
55 silly addNameRange     '1.16.2',
55 silly addNameRange     '1.17.0',
55 silly addNameRange     '1.17.1',
55 silly addNameRange     '1.18.0',
55 silly addNameRange     '1.18.1',
55 silly addNameRange     '1.18.2',
55 silly addNameRange     '1.19.0',
55 silly addNameRange     '1.20.0',
55 silly addNameRange     '1.20.1',
55 silly addNameRange     '1.21.0',
55 silly addNameRange     '1.21.1',
55 silly addNameRange     '1.21.2',
55 silly addNameRange     '1.21.3',
55 silly addNameRange     '1.21.4',
55 silly addNameRange     '1.21.5',
55 silly addNameRange     '2.0.0',
55 silly addNameRange     '2.0.1',
55 silly addNameRange     '2.1.0',
55 silly addNameRange     '2.2.0',
55 silly addNameRange     '2.2.1',
55 silly addNameRange     '2.2.3',
55 silly addNameRange     '2.2.4',
55 silly addNameRange     '2.2.5' ] ]
56 silly addNamed mocha@2.2.5
57 verbose addNamed "2.2.5" is a plain semver version for mocha
58 silly mapToRegistry name mocha
59 silly mapToRegistry using default registry
60 silly mapToRegistry registry https://registry.npmjs.org/
61 silly mapToRegistry uri https://registry.npmjs.org/mocha
62 verbose addRemoteTarball https://registry.npmjs.org/mocha/-/mocha-2.2.5.tgz not in flight; adding
63 verbose addRemoteTarball [ 'https://registry.npmjs.org/mocha/-/mocha-2.2.5.tgz',
63 verbose addRemoteTarball   'd3b72a4fe49ec9439353f1ac893dbc430d993140' ]
64 info retry fetch attempt 1 at 16:12:49
65 info attempt registry request try #1 at 16:12:49
66 http fetch GET https://registry.npmjs.org/mocha/-/mocha-2.2.5.tgz
67 info retry fetch attempt 1 at 16:12:49
68 info attempt registry request try #1 at 16:12:49
69 http fetch GET https://registry.npmjs.org/chai/-/chai-3.2.0.tgz
70 http fetch 200 https://registry.npmjs.org/mocha/-/mocha-2.2.5.tgz
71 http fetch 200 https://registry.npmjs.org/chai/-/chai-3.2.0.tgz
72 silly fetchAndShaCheck shasum d3b72a4fe49ec9439353f1ac893dbc430d993140
73 silly fetchAndShaCheck shasum a91c06acc01057f4f4b67ed7785bd7ff4466b2fb
74 verbose addTmpTarball /tmp/user/1000/npm-32511-ec99efe7/registry.npmjs.org/mocha/-/mocha-2.2.5.tgz not in flight; adding
75 verbose addTmpTarball already have metadata; skipping unpack for mocha@2.2.5
76 verbose addTmpTarball /tmp/user/1000/npm-32511-ec99efe7/registry.npmjs.org/chai/-/chai-3.2.0.tgz not in flight; adding
77 verbose addTmpTarball already have metadata; skipping unpack for chai@3.2.0
78 silly cache afterAdd mocha@2.2.5
79 verbose afterAdd /home/james/.npm/mocha/2.2.5/package/package.json not in flight; writing
80 silly cache afterAdd chai@3.2.0
81 verbose afterAdd /home/james/.npm/chai/3.2.0/package/package.json not in flight; writing
82 verbose afterAdd /home/james/.npm/mocha/2.2.5/package/package.json written
83 verbose afterAdd /home/james/.npm/chai/3.2.0/package/package.json written
84 silly install resolved [ { name: 'mocha',
84 silly install resolved     version: '2.2.5',
84 silly install resolved     description: 'simple, flexible, fun test framework',
84 silly install resolved     keywords: [ 'mocha', 'test', 'bdd', 'tdd', 'tap' ],
84 silly install resolved     author: { name: 'TJ Holowaychuk', email: 'tj@vision-media.ca' },
84 silly install resolved     contributors:
84 silly install resolved      [ [Object],
84 silly install resolved        [Object],
84 silly install resolved        [Object],
84 silly install resolved        [Object],
84 silly install resolved        [Object],
84 silly install resolved        [Object],
84 silly install resolved        [Object],
84 silly install resolved        [Object] ],
84 silly install resolved     license: 'MIT',
84 silly install resolved     repository: { type: 'git', url: 'git://github.com/mochajs/mocha.git' },
84 silly install resolved     maintainers: [ [Object], [Object], [Object] ],
84 silly install resolved     main: './index',
84 silly install resolved     browser: './mocha.js',
84 silly install resolved     bin: { mocha: './bin/mocha', _mocha: './bin/_mocha' },
84 silly install resolved     engines: { node: '>= 0.8.x' },
84 silly install resolved     scripts: { test: 'make test-all' },
84 silly install resolved     dependencies:
84 silly install resolved      { commander: '2.3.0',
84 silly install resolved        debug: '2.0.0',
84 silly install resolved        diff: '1.4.0',
84 silly install resolved        'escape-string-regexp': '1.0.2',
84 silly install resolved        glob: '3.2.3',
84 silly install resolved        growl: '1.8.1',
84 silly install resolved        jade: '0.26.3',
84 silly install resolved        mkdirp: '0.5.0',
84 silly install resolved        'supports-color': '~1.2.0' },
84 silly install resolved     devDependencies: { 'coffee-script': '~1.8.0', should: '~4.0.0' },
84 silly install resolved     files:
84 silly install resolved      [ 'bin',
84 silly install resolved        'images',
84 silly install resolved        'lib',
84 silly install resolved        'index.js',
84 silly install resolved        'mocha.css',
84 silly install resolved        'mocha.js',
84 silly install resolved        'LICENSE' ],
84 silly install resolved     licenses: [ [Object] ],
84 silly install resolved     bugs: { url: 'https://github.com/mochajs/mocha/issues' },
84 silly install resolved     homepage: 'https://github.com/mochajs/mocha',
84 silly install resolved     _id: 'mocha@2.2.5',
84 silly install resolved     _shasum: 'd3b72a4fe49ec9439353f1ac893dbc430d993140',
84 silly install resolved     _from: 'mocha@*',
84 silly install resolved     _npmVersion: '1.4.9',
84 silly install resolved     _npmUser: { name: 'travisjeffery', email: 'tj@travisjeffery.com' },
84 silly install resolved     dist:
84 silly install resolved      { shasum: 'd3b72a4fe49ec9439353f1ac893dbc430d993140',
84 silly install resolved        tarball: 'http://registry.npmjs.org/mocha/-/mocha-2.2.5.tgz' },
84 silly install resolved     directories: {},
84 silly install resolved     _resolved: 'https://registry.npmjs.org/mocha/-/mocha-2.2.5.tgz' },
84 silly install resolved   { author: { name: 'Jake Luer', email: 'jake@alogicalparadox.com' },
84 silly install resolved     name: 'chai',
84 silly install resolved     description: 'BDD/TDD assertion library for node.js and the browser. Test framework agnostic.',
84 silly install resolved     keywords: [ 'test', 'assertion', 'assert', 'testing', 'chai' ],
84 silly install resolved     homepage: 'http://chaijs.com',
84 silly install resolved     license: 'MIT',
84 silly install resolved     contributors: [ [Object], [Object], [Object], [Object] ],
84 silly install resolved     version: '3.2.0',
84 silly install resolved     repository: { type: 'git', url: 'git+https://github.com/chaijs/chai.git' },
84 silly install resolved     bugs: { url: 'https://github.com/chaijs/chai/issues' },
84 silly install resolved     main: './index',
84 silly install resolved     scripts: { test: 'make test' },
84 silly install resolved     engines: { node: '>= 0.4.0' },
84 silly install resolved     dependencies:
84 silly install resolved      { 'assertion-error': '^1.0.1',
84 silly install resolved        'deep-eql': '^0.1.3',
84 silly install resolved        'type-detect': '^1.0.0' },
84 silly install resolved     devDependencies:
84 silly install resolved      { browserify: '^10.2.1',
84 silly install resolved        'bump-cli': '^1.1.3',
84 silly install resolved        karma: '^0.12.0',
84 silly install resolved        'karma-mocha': '^0.1.10',
84 silly install resolved        'karma-sauce-launcher': '^0.2.11',
84 silly install resolved        'karma-phantomjs-launcher': '^0.2.0',
84 silly install resolved        'karma-firefox-launcher': '^0.1.6',
84 silly install resolved        mocha: '^2.2.5',
84 silly install resolved        istanbul: '^0.3.14' },
84 silly install resolved     gitHead: '4e18d2a49394f21f49eaea97f556d6a17ecbcc7e',
84 silly install resolved     _id: 'chai@3.2.0',
84 silly install resolved     _shasum: 'a91c06acc01057f4f4b67ed7785bd7ff4466b2fb',
84 silly install resolved     _from: 'chai@*',
84 silly install resolved     _npmVersion: '2.12.1',
84 silly install resolved     _nodeVersion: '2.2.1',
84 silly install resolved     _npmUser: { name: 'chaijs', email: 'chaijs@keithcirkel.co.uk' },
84 silly install resolved     dist:
84 silly install resolved      { shasum: 'a91c06acc01057f4f4b67ed7785bd7ff4466b2fb',
84 silly install resolved        tarball: 'http://registry.npmjs.org/chai/-/chai-3.2.0.tgz' },
84 silly install resolved     maintainers: [ [Object], [Object] ],
84 silly install resolved     directories: {},
84 silly install resolved     _resolved: 'https://registry.npmjs.org/chai/-/chai-3.2.0.tgz' } ]
85 info install mocha@2.2.5 into /home/james/Dropbox/CCE/svc2
86 info install chai@3.2.0 into /home/james/Dropbox/CCE/svc2
87 info installOne mocha@2.2.5
88 verbose installOne of mocha to /home/james/Dropbox/CCE/svc2 not in flight; installing
89 info installOne chai@3.2.0
90 verbose installOne of chai to /home/james/Dropbox/CCE/svc2 not in flight; installing
91 verbose lock using /home/james/.npm/_locks/mocha-76ab922be48c92fd.lock for /home/james/Dropbox/CCE/svc2/node_modules/mocha
92 verbose lock using /home/james/.npm/_locks/chai-3a7787782a473033.lock for /home/james/Dropbox/CCE/svc2/node_modules/chai
93 silly install write writing mocha 2.2.5 to /home/james/Dropbox/CCE/svc2/node_modules/mocha
94 silly install write writing chai 3.2.0 to /home/james/Dropbox/CCE/svc2/node_modules/chai
95 verbose unbuild node_modules/chai
96 verbose unbuild node_modules/mocha
97 silly gentlyRm /home/james/Dropbox/CCE/svc2/node_modules/chai is being purged from base /home/james/Dropbox/CCE/svc2
98 verbose gentlyRm don't care about contents; nuking /home/james/Dropbox/CCE/svc2/node_modules/chai
99 silly gentlyRm /home/james/Dropbox/CCE/svc2/node_modules/mocha is being purged from base /home/james/Dropbox/CCE/svc2
100 verbose gentlyRm don't care about contents; nuking /home/james/Dropbox/CCE/svc2/node_modules/mocha
101 verbose tar unpack /home/james/.npm/chai/3.2.0/package.tgz
102 verbose tar unpacking to /home/james/Dropbox/CCE/svc2/node_modules/chai
103 silly gentlyRm /home/james/Dropbox/CCE/svc2/node_modules/chai is being purged
104 verbose gentlyRm don't care about contents; nuking /home/james/Dropbox/CCE/svc2/node_modules/chai
105 verbose tar unpack /home/james/.npm/mocha/2.2.5/package.tgz
106 verbose tar unpacking to /home/james/Dropbox/CCE/svc2/node_modules/mocha
107 silly gentlyRm /home/james/Dropbox/CCE/svc2/node_modules/mocha is being purged
108 verbose gentlyRm don't care about contents; nuking /home/james/Dropbox/CCE/svc2/node_modules/mocha
109 silly gunzTarPerm modes [ '775', '664' ]
110 silly gunzTarPerm modes [ '775', '664' ]
111 silly gunzTarPerm extractEntry package.json
112 silly gunzTarPerm modified mode [ 'package.json', 420, 436 ]
113 silly gunzTarPerm extractEntry package.json
114 silly gunzTarPerm modified mode [ 'package.json', 388, 436 ]
115 silly gunzTarPerm extractEntry .npmignore
116 silly gunzTarPerm modified mode [ '.npmignore', 420, 436 ]
117 silly gunzTarPerm extractEntry README.md
118 silly gunzTarPerm modified mode [ 'README.md', 420, 436 ]
119 silly gunzTarPerm extractEntry README.md
120 silly gunzTarPerm modified mode [ 'README.md', 388, 436 ]
121 silly gunzTarPerm extractEntry LICENSE
122 silly gunzTarPerm modified mode [ 'LICENSE', 388, 436 ]
123 silly gunzTarPerm extractEntry chai.js
124 silly gunzTarPerm modified mode [ 'chai.js', 420, 436 ]
125 silly gunzTarPerm extractEntry index.js
126 silly gunzTarPerm modified mode [ 'index.js', 420, 436 ]
127 silly gunzTarPerm extractEntry index.js
128 silly gunzTarPerm modified mode [ 'index.js', 388, 436 ]
129 silly gunzTarPerm extractEntry mocha.js
130 silly gunzTarPerm modified mode [ 'mocha.js', 388, 436 ]
131 silly gunzTarPerm extractEntry karma.conf.js
132 silly gunzTarPerm modified mode [ 'karma.conf.js', 420, 436 ]
133 silly gunzTarPerm extractEntry karma.sauce.js
134 silly gunzTarPerm modified mode [ 'karma.sauce.js', 420, 436 ]
135 silly gunzTarPerm extractEntry bin/options.js
136 silly gunzTarPerm modified mode [ 'bin/options.js', 420, 436 ]
137 silly gunzTarPerm extractEntry bin/_mocha
138 silly gunzTarPerm modified mode [ 'bin/_mocha', 453, 501 ]
139 silly gunzTarPerm extractEntry bin/mocha
140 silly gunzTarPerm modified mode [ 'bin/mocha', 453, 501 ]
141 silly gunzTarPerm extractEntry sauce.browsers.js
142 silly gunzTarPerm modified mode [ 'sauce.browsers.js', 420, 436 ]
143 silly gunzTarPerm extractEntry ReleaseNotes.md
144 silly gunzTarPerm modified mode [ 'ReleaseNotes.md', 420, 436 ]
145 silly gunzTarPerm extractEntry bower.json
146 silly gunzTarPerm modified mode [ 'bower.json', 420, 436 ]
147 silly gunzTarPerm extractEntry images/error.png
148 silly gunzTarPerm modified mode [ 'images/error.png', 388, 436 ]
149 silly gunzTarPerm extractEntry images/ok.png
150 silly gunzTarPerm modified mode [ 'images/ok.png', 388, 436 ]
151 silly gunzTarPerm extractEntry lib/utils.js
152 silly gunzTarPerm modified mode [ 'lib/utils.js', 388, 436 ]
153 silly gunzTarPerm extractEntry CONTRIBUTING.md
154 silly gunzTarPerm modified mode [ 'CONTRIBUTING.md', 420, 436 ]
155 silly gunzTarPerm extractEntry lib/hook.js
156 silly gunzTarPerm modified mode [ 'lib/hook.js', 388, 436 ]
157 silly gunzTarPerm extractEntry History.md
158 silly gunzTarPerm modified mode [ 'History.md', 420, 436 ]
159 silly gunzTarPerm extractEntry lib/mocha.js
160 silly gunzTarPerm modified mode [ 'lib/mocha.js', 388, 436 ]
161 silly gunzTarPerm extractEntry lib/chai.js
162 silly gunzTarPerm modified mode [ 'lib/chai.js', 420, 436 ]
163 silly gunzTarPerm extractEntry lib/ms.js
164 silly gunzTarPerm modified mode [ 'lib/ms.js', 388, 436 ]
165 silly gunzTarPerm extractEntry lib/chai/assertion.js
166 silly gunzTarPerm modified mode [ 'lib/chai/assertion.js', 420, 436 ]
167 silly gunzTarPerm extractEntry lib/pending.js
168 silly gunzTarPerm modified mode [ 'lib/pending.js', 388, 436 ]
169 silly gunzTarPerm extractEntry lib/chai/config.js
170 silly gunzTarPerm modified mode [ 'lib/chai/config.js', 420, 436 ]
171 silly gunzTarPerm extractEntry lib/context.js
172 silly gunzTarPerm modified mode [ 'lib/context.js', 388, 436 ]
173 silly gunzTarPerm extractEntry lib/chai/core/assertions.js
174 silly gunzTarPerm modified mode [ 'lib/chai/core/assertions.js', 420, 436 ]
175 silly gunzTarPerm extractEntry lib/runnable.js
176 silly gunzTarPerm modified mode [ 'lib/runnable.js', 388, 436 ]
177 silly gunzTarPerm extractEntry lib/runner.js
178 silly gunzTarPerm modified mode [ 'lib/runner.js', 388, 436 ]
179 silly gunzTarPerm extractEntry lib/chai/interface/assert.js
180 silly gunzTarPerm modified mode [ 'lib/chai/interface/assert.js', 420, 436 ]
181 silly gunzTarPerm extractEntry lib/suite.js
182 silly gunzTarPerm modified mode [ 'lib/suite.js', 388, 436 ]
183 silly gunzTarPerm extractEntry lib/chai/interface/expect.js
184 silly gunzTarPerm modified mode [ 'lib/chai/interface/expect.js', 420, 436 ]
185 silly gunzTarPerm extractEntry lib/chai/interface/should.js
186 silly gunzTarPerm modified mode [ 'lib/chai/interface/should.js', 420, 436 ]
187 silly gunzTarPerm extractEntry lib/test.js
188 silly gunzTarPerm modified mode [ 'lib/test.js', 388, 436 ]
189 silly gunzTarPerm extractEntry lib/browser/debug.js
190 silly gunzTarPerm modified mode [ 'lib/browser/debug.js', 388, 436 ]
191 silly gunzTarPerm extractEntry lib/chai/utils/addChainableMethod.js
192 silly gunzTarPerm modified mode [ 'lib/chai/utils/addChainableMethod.js', 420, 436 ]
193 silly gunzTarPerm extractEntry lib/chai/utils/getMessage.js
194 silly gunzTarPerm modified mode [ 'lib/chai/utils/getMessage.js', 420, 436 ]
195 silly gunzTarPerm extractEntry lib/browser/escape-string-regexp.js
196 silly gunzTarPerm modified mode [ 'lib/browser/escape-string-regexp.js', 388, 436 ]
197 silly gunzTarPerm extractEntry lib/browser/events.js
198 silly gunzTarPerm modified mode [ 'lib/browser/events.js', 388, 436 ]
199 silly gunzTarPerm extractEntry lib/chai/utils/getName.js
200 silly gunzTarPerm modified mode [ 'lib/chai/utils/getName.js', 420, 436 ]
201 silly gunzTarPerm extractEntry lib/chai/utils/getPathInfo.js
202 silly gunzTarPerm modified mode [ 'lib/chai/utils/getPathInfo.js', 420, 436 ]
203 silly gunzTarPerm extractEntry lib/chai/utils/getPathValue.js
204 silly gunzTarPerm modified mode [ 'lib/chai/utils/getPathValue.js', 420, 436 ]
205 silly gunzTarPerm extractEntry lib/chai/utils/getEnumerableProperties.js
206 silly gunzTarPerm modified mode [ 'lib/chai/utils/getEnumerableProperties.js', 420, 436 ]
207 silly gunzTarPerm extractEntry lib/chai/utils/hasProperty.js
208 silly gunzTarPerm modified mode [ 'lib/chai/utils/hasProperty.js', 420, 436 ]
209 silly gunzTarPerm extractEntry lib/chai/utils/index.js
210 silly gunzTarPerm modified mode [ 'lib/chai/utils/index.js', 420, 436 ]
211 silly gunzTarPerm extractEntry lib/chai/utils/inspect.js
212 silly gunzTarPerm modified mode [ 'lib/chai/utils/inspect.js', 420, 436 ]
213 silly gunzTarPerm extractEntry lib/browser/fs.js
214 silly gunzTarPerm modified mode [ 'lib/browser/fs.js', 388, 436 ]
215 silly gunzTarPerm extractEntry lib/browser/glob.js
216 silly gunzTarPerm modified mode [ 'lib/browser/glob.js', 388, 436 ]
217 silly gunzTarPerm extractEntry lib/browser/path.js
218 silly gunzTarPerm modified mode [ 'lib/browser/path.js', 388, 436 ]
219 silly gunzTarPerm extractEntry lib/browser/progress.js
220 silly gunzTarPerm modified mode [ 'lib/browser/progress.js', 388, 436 ]
221 silly gunzTarPerm extractEntry lib/browser/tty.js
222 silly gunzTarPerm modified mode [ 'lib/browser/tty.js', 388, 436 ]
223 silly gunzTarPerm extractEntry lib/template.html
224 silly gunzTarPerm modified mode [ 'lib/template.html', 388, 436 ]
225 silly gunzTarPerm extractEntry lib/chai/utils/objDisplay.js
226 silly gunzTarPerm modified mode [ 'lib/chai/utils/objDisplay.js', 420, 436 ]
227 silly gunzTarPerm extractEntry lib/interfaces/bdd.js
228 silly gunzTarPerm modified mode [ 'lib/interfaces/bdd.js', 388, 436 ]
229 silly gunzTarPerm extractEntry lib/interfaces/common.js
230 silly gunzTarPerm modified mode [ 'lib/interfaces/common.js', 388, 436 ]
231 silly gunzTarPerm extractEntry lib/chai/utils/overwriteChainableMethod.js
232 silly gunzTarPerm modified mode [ 'lib/chai/utils/overwriteChainableMethod.js', 420, 436 ]
233 silly gunzTarPerm extractEntry lib/chai/utils/getActual.js
234 silly gunzTarPerm modified mode [ 'lib/chai/utils/getActual.js', 420, 436 ]
235 silly gunzTarPerm extractEntry lib/chai/utils/overwriteMethod.js
236 silly gunzTarPerm modified mode [ 'lib/chai/utils/overwriteMethod.js', 420, 436 ]
237 silly gunzTarPerm extractEntry lib/chai/utils/flag.js
238 silly gunzTarPerm modified mode [ 'lib/chai/utils/flag.js', 420, 436 ]
239 silly gunzTarPerm extractEntry lib/interfaces/exports.js
240 silly gunzTarPerm modified mode [ 'lib/interfaces/exports.js', 388, 436 ]
241 silly gunzTarPerm extractEntry lib/interfaces/index.js
242 silly gunzTarPerm modified mode [ 'lib/interfaces/index.js', 388, 436 ]
243 silly gunzTarPerm extractEntry lib/interfaces/qunit.js
244 silly gunzTarPerm modified mode [ 'lib/interfaces/qunit.js', 388, 436 ]
245 silly gunzTarPerm extractEntry lib/interfaces/tdd.js
246 silly gunzTarPerm modified mode [ 'lib/interfaces/tdd.js', 388, 436 ]
247 silly gunzTarPerm extractEntry lib/chai/utils/overwriteProperty.js
248 silly gunzTarPerm modified mode [ 'lib/chai/utils/overwriteProperty.js', 420, 436 ]
249 silly gunzTarPerm extractEntry lib/chai/utils/addProperty.js
250 silly gunzTarPerm modified mode [ 'lib/chai/utils/addProperty.js', 420, 436 ]
251 silly gunzTarPerm extractEntry lib/chai/utils/test.js
252 silly gunzTarPerm modified mode [ 'lib/chai/utils/test.js', 420, 436 ]
253 silly gunzTarPerm extractEntry lib/reporters/base.js
254 silly gunzTarPerm modified mode [ 'lib/reporters/base.js', 388, 436 ]
255 silly gunzTarPerm extractEntry lib/reporters/index.js
256 silly gunzTarPerm modified mode [ 'lib/reporters/index.js', 388, 436 ]
257 silly gunzTarPerm extractEntry lib/reporters/json-cov.js
258 silly gunzTarPerm modified mode [ 'lib/reporters/json-cov.js', 388, 436 ]
259 silly gunzTarPerm extractEntry lib/reporters/json-stream.js
260 silly gunzTarPerm modified mode [ 'lib/reporters/json-stream.js', 388, 436 ]
261 silly gunzTarPerm extractEntry lib/reporters/json.js
262 silly gunzTarPerm modified mode [ 'lib/reporters/json.js', 388, 436 ]
263 silly gunzTarPerm extractEntry lib/reporters/html.js
264 silly gunzTarPerm modified mode [ 'lib/reporters/html.js', 420, 436 ]
265 silly gunzTarPerm extractEntry lib/chai/utils/addMethod.js
266 silly gunzTarPerm modified mode [ 'lib/chai/utils/addMethod.js', 420, 436 ]
267 silly gunzTarPerm extractEntry lib/reporters/list.js
268 silly gunzTarPerm modified mode [ 'lib/reporters/list.js', 388, 436 ]
269 silly gunzTarPerm extractEntry lib/reporters/markdown.js
270 silly gunzTarPerm modified mode [ 'lib/reporters/markdown.js', 388, 436 ]
271 silly gunzTarPerm extractEntry lib/reporters/min.js
272 silly gunzTarPerm modified mode [ 'lib/reporters/min.js', 388, 436 ]
273 silly gunzTarPerm extractEntry lib/chai/utils/transferFlags.js
274 silly gunzTarPerm modified mode [ 'lib/chai/utils/transferFlags.js', 420, 436 ]
275 silly gunzTarPerm extractEntry lib/chai/utils/getProperties.js
276 silly gunzTarPerm modified mode [ 'lib/chai/utils/getProperties.js', 420, 436 ]
277 silly gunzTarPerm extractEntry lib/reporters/nyan.js
278 silly gunzTarPerm modified mode [ 'lib/reporters/nyan.js', 388, 436 ]
279 silly gunzTarPerm extractEntry lib/reporters/progress.js
280 silly gunzTarPerm modified mode [ 'lib/reporters/progress.js', 388, 436 ]
281 silly gunzTarPerm extractEntry lib/reporters/html-cov.js
282 silly gunzTarPerm modified mode [ 'lib/reporters/html-cov.js', 388, 436 ]
283 silly gunzTarPerm extractEntry lib/reporters/spec.js
284 silly gunzTarPerm modified mode [ 'lib/reporters/spec.js', 388, 436 ]
285 silly gunzTarPerm extractEntry lib/reporters/dot.js
286 silly gunzTarPerm modified mode [ 'lib/reporters/dot.js', 388, 436 ]
287 silly gunzTarPerm extractEntry lib/reporters/tap.js
288 silly gunzTarPerm modified mode [ 'lib/reporters/tap.js', 388, 436 ]
289 silly gunzTarPerm extractEntry lib/reporters/doc.js
290 silly gunzTarPerm modified mode [ 'lib/reporters/doc.js', 388, 436 ]
291 silly gunzTarPerm extractEntry lib/reporters/xunit.js
292 silly gunzTarPerm modified mode [ 'lib/reporters/xunit.js', 388, 436 ]
293 silly gunzTarPerm extractEntry lib/reporters/landing.js
294 silly gunzTarPerm modified mode [ 'lib/reporters/landing.js', 388, 436 ]
295 silly gunzTarPerm extractEntry lib/reporters/templates/coverage.jade
296 silly gunzTarPerm modified mode [ 'lib/reporters/templates/coverage.jade', 388, 436 ]
297 silly gunzTarPerm extractEntry lib/reporters/templates/menu.jade
298 silly gunzTarPerm modified mode [ 'lib/reporters/templates/menu.jade', 388, 436 ]
299 silly gunzTarPerm extractEntry lib/reporters/templates/script.html
300 silly gunzTarPerm modified mode [ 'lib/reporters/templates/script.html', 388, 436 ]
301 silly gunzTarPerm extractEntry lib/reporters/templates/style.html
302 silly gunzTarPerm modified mode [ 'lib/reporters/templates/style.html', 388, 436 ]
303 silly gunzTarPerm extractEntry mocha.css
304 silly gunzTarPerm modified mode [ 'mocha.css', 388, 436 ]
305 verbose write writing to /home/james/Dropbox/CCE/svc2/node_modules/chai/package.json
306 info preinstall chai@3.2.0
307 verbose readDependencies loading dependencies from /home/james/Dropbox/CCE/svc2/node_modules/chai/package.json
308 silly prepareForInstallMany adding assertion-error@^1.0.1 from chai dependencies
309 silly prepareForInstallMany adding deep-eql@^0.1.3 from chai dependencies
310 silly prepareForInstallMany adding type-detect@^1.0.0 from chai dependencies
311 verbose readDependencies loading dependencies from /home/james/Dropbox/CCE/svc2/node_modules/chai/package.json
312 silly cache add args [ 'type-detect@^1.0.0', null ]
313 verbose cache add spec type-detect@^1.0.0
314 silly cache add parsed spec { raw: 'type-detect@^1.0.0',
314 silly cache add   scope: null,
314 silly cache add   name: 'type-detect',
314 silly cache add   rawSpec: '^1.0.0',
314 silly cache add   spec: '>=1.0.0 <2.0.0',
314 silly cache add   type: 'range' }
315 silly addNamed type-detect@>=1.0.0 <2.0.0
316 verbose addNamed ">=1.0.0 <2.0.0" is a valid semver range for type-detect
317 silly addNameRange { name: 'type-detect', range: '>=1.0.0 <2.0.0', hasData: false }
318 silly mapToRegistry name type-detect
319 silly mapToRegistry using default registry
320 silly mapToRegistry registry https://registry.npmjs.org/
321 silly mapToRegistry uri https://registry.npmjs.org/type-detect
322 verbose addNameRange registry:https://registry.npmjs.org/type-detect not in flight; fetching
323 verbose request uri https://registry.npmjs.org/type-detect
324 verbose request no auth needed
325 info attempt registry request try #1 at 16:12:49
326 http request GET https://registry.npmjs.org/type-detect
327 silly cache add args [ 'assertion-error@^1.0.1', null ]
328 verbose cache add spec assertion-error@^1.0.1
329 silly cache add parsed spec { raw: 'assertion-error@^1.0.1',
329 silly cache add   scope: null,
329 silly cache add   name: 'assertion-error',
329 silly cache add   rawSpec: '^1.0.1',
329 silly cache add   spec: '>=1.0.1 <2.0.0',
329 silly cache add   type: 'range' }
330 silly addNamed assertion-error@>=1.0.1 <2.0.0
331 verbose addNamed ">=1.0.1 <2.0.0" is a valid semver range for assertion-error
332 silly addNameRange { name: 'assertion-error',
332 silly addNameRange   range: '>=1.0.1 <2.0.0',
332 silly addNameRange   hasData: false }
333 silly mapToRegistry name assertion-error
334 silly mapToRegistry using default registry
335 silly mapToRegistry registry https://registry.npmjs.org/
336 silly mapToRegistry uri https://registry.npmjs.org/assertion-error
337 verbose addNameRange registry:https://registry.npmjs.org/assertion-error not in flight; fetching
338 silly cache add args [ 'deep-eql@^0.1.3', null ]
339 verbose cache add spec deep-eql@^0.1.3
340 silly cache add parsed spec { raw: 'deep-eql@^0.1.3',
340 silly cache add   scope: null,
340 silly cache add   name: 'deep-eql',
340 silly cache add   rawSpec: '^0.1.3',
340 silly cache add   spec: '>=0.1.3 <0.2.0',
340 silly cache add   type: 'range' }
341 silly addNamed deep-eql@>=0.1.3 <0.2.0
342 verbose addNamed ">=0.1.3 <0.2.0" is a valid semver range for deep-eql
343 silly addNameRange { name: 'deep-eql', range: '>=0.1.3 <0.2.0', hasData: false }
344 silly mapToRegistry name deep-eql
345 silly mapToRegistry using default registry
346 silly mapToRegistry registry https://registry.npmjs.org/
347 silly mapToRegistry uri https://registry.npmjs.org/deep-eql
348 verbose addNameRange registry:https://registry.npmjs.org/deep-eql not in flight; fetching
349 verbose request uri https://registry.npmjs.org/assertion-error
350 verbose request no auth needed
351 info attempt registry request try #1 at 16:12:49
352 http request GET https://registry.npmjs.org/assertion-error
353 verbose request uri https://registry.npmjs.org/deep-eql
354 verbose request no auth needed
355 info attempt registry request try #1 at 16:12:49
356 http request GET https://registry.npmjs.org/deep-eql
357 verbose write writing to /home/james/Dropbox/CCE/svc2/node_modules/mocha/package.json
358 info preinstall mocha@2.2.5
359 verbose readDependencies loading dependencies from /home/james/Dropbox/CCE/svc2/node_modules/mocha/package.json
360 silly prepareForInstallMany adding commander@2.3.0 from mocha dependencies
361 silly prepareForInstallMany adding debug@2.0.0 from mocha dependencies
362 silly prepareForInstallMany adding diff@1.4.0 from mocha dependencies
363 silly prepareForInstallMany adding escape-string-regexp@1.0.2 from mocha dependencies
364 silly prepareForInstallMany adding glob@3.2.3 from mocha dependencies
365 silly prepareForInstallMany adding growl@1.8.1 from mocha dependencies
366 silly prepareForInstallMany adding jade@0.26.3 from mocha dependencies
367 silly prepareForInstallMany adding mkdirp@0.5.0 from mocha dependencies
368 silly prepareForInstallMany adding supports-color@~1.2.0 from mocha dependencies
369 verbose readDependencies loading dependencies from /home/james/Dropbox/CCE/svc2/node_modules/mocha/package.json
370 silly cache add args [ 'commander@2.3.0', null ]
371 verbose cache add spec commander@2.3.0
372 silly cache add args [ 'debug@2.0.0', null ]
373 verbose cache add spec debug@2.0.0
374 silly cache add parsed spec { raw: 'commander@2.3.0',
374 silly cache add   scope: null,
374 silly cache add   name: 'commander',
374 silly cache add   rawSpec: '2.3.0',
374 silly cache add   spec: '2.3.0',
374 silly cache add   type: 'version' }
375 silly addNamed commander@2.3.0
376 verbose addNamed "2.3.0" is a plain semver version for commander
377 silly mapToRegistry name commander
378 silly mapToRegistry using default registry
379 silly mapToRegistry registry https://registry.npmjs.org/
380 silly mapToRegistry uri https://registry.npmjs.org/commander
381 verbose addNameVersion registry:https://registry.npmjs.org/commander not in flight; fetching
382 silly cache add parsed spec { raw: 'debug@2.0.0',
382 silly cache add   scope: null,
382 silly cache add   name: 'debug',
382 silly cache add   rawSpec: '2.0.0',
382 silly cache add   spec: '2.0.0',
382 silly cache add   type: 'version' }
383 silly addNamed debug@2.0.0
384 verbose addNamed "2.0.0" is a plain semver version for debug
385 silly mapToRegistry name debug
386 silly mapToRegistry using default registry
387 silly mapToRegistry registry https://registry.npmjs.org/
388 silly mapToRegistry uri https://registry.npmjs.org/debug
389 verbose addNameVersion registry:https://registry.npmjs.org/debug not in flight; fetching
390 silly cache add args [ 'diff@1.4.0', null ]
391 verbose cache add spec diff@1.4.0
392 silly cache add parsed spec { raw: 'diff@1.4.0',
392 silly cache add   scope: null,
392 silly cache add   name: 'diff',
392 silly cache add   rawSpec: '1.4.0',
392 silly cache add   spec: '1.4.0',
392 silly cache add   type: 'version' }
393 silly addNamed diff@1.4.0
394 verbose addNamed "1.4.0" is a plain semver version for diff
395 silly mapToRegistry name diff
396 silly mapToRegistry using default registry
397 silly mapToRegistry registry https://registry.npmjs.org/
398 silly mapToRegistry uri https://registry.npmjs.org/diff
399 verbose addNameVersion registry:https://registry.npmjs.org/diff not in flight; fetching
400 silly cache add args [ 'escape-string-regexp@1.0.2', null ]
401 verbose cache add spec escape-string-regexp@1.0.2
402 silly cache add parsed spec { raw: 'escape-string-regexp@1.0.2',
402 silly cache add   scope: null,
402 silly cache add   name: 'escape-string-regexp',
402 silly cache add   rawSpec: '1.0.2',
402 silly cache add   spec: '1.0.2',
402 silly cache add   type: 'version' }
403 silly addNamed escape-string-regexp@1.0.2
404 verbose addNamed "1.0.2" is a plain semver version for escape-string-regexp
405 silly mapToRegistry name escape-string-regexp
406 silly mapToRegistry using default registry
407 silly mapToRegistry registry https://registry.npmjs.org/
408 silly mapToRegistry uri https://registry.npmjs.org/escape-string-regexp
409 verbose addNameVersion registry:https://registry.npmjs.org/escape-string-regexp not in flight; fetching
410 silly cache add args [ 'glob@3.2.3', null ]
411 verbose cache add spec glob@3.2.3
412 silly cache add parsed spec { raw: 'glob@3.2.3',
412 silly cache add   scope: null,
412 silly cache add   name: 'glob',
412 silly cache add   rawSpec: '3.2.3',
412 silly cache add   spec: '3.2.3',
412 silly cache add   type: 'version' }
413 silly addNamed glob@3.2.3
414 verbose addNamed "3.2.3" is a plain semver version for glob
415 silly mapToRegistry name glob
416 silly mapToRegistry using default registry
417 silly mapToRegistry registry https://registry.npmjs.org/
418 silly mapToRegistry uri https://registry.npmjs.org/glob
419 verbose addNameVersion registry:https://registry.npmjs.org/glob not in flight; fetching
420 silly cache add args [ 'growl@1.8.1', null ]
421 verbose cache add spec growl@1.8.1
422 silly cache add parsed spec { raw: 'growl@1.8.1',
422 silly cache add   scope: null,
422 silly cache add   name: 'growl',
422 silly cache add   rawSpec: '1.8.1',
422 silly cache add   spec: '1.8.1',
422 silly cache add   type: 'version' }
423 silly addNamed growl@1.8.1
424 verbose addNamed "1.8.1" is a plain semver version for growl
425 silly mapToRegistry name growl
426 silly mapToRegistry using default registry
427 silly mapToRegistry registry https://registry.npmjs.org/
428 silly mapToRegistry uri https://registry.npmjs.org/growl
429 verbose addNameVersion registry:https://registry.npmjs.org/growl not in flight; fetching
430 silly cache add args [ 'jade@0.26.3', null ]
431 verbose cache add spec jade@0.26.3
432 silly cache add parsed spec { raw: 'jade@0.26.3',
432 silly cache add   scope: null,
432 silly cache add   name: 'jade',
432 silly cache add   rawSpec: '0.26.3',
432 silly cache add   spec: '0.26.3',
432 silly cache add   type: 'version' }
433 silly addNamed jade@0.26.3
434 verbose addNamed "0.26.3" is a plain semver version for jade
435 silly mapToRegistry name jade
436 silly mapToRegistry using default registry
437 silly mapToRegistry registry https://registry.npmjs.org/
438 silly mapToRegistry uri https://registry.npmjs.org/jade
439 verbose addNameVersion registry:https://registry.npmjs.org/jade not in flight; fetching
440 silly cache add args [ 'mkdirp@0.5.0', null ]
441 verbose cache add spec mkdirp@0.5.0
442 silly cache add parsed spec { raw: 'mkdirp@0.5.0',
442 silly cache add   scope: null,
442 silly cache add   name: 'mkdirp',
442 silly cache add   rawSpec: '0.5.0',
442 silly cache add   spec: '0.5.0',
442 silly cache add   type: 'version' }
443 silly addNamed mkdirp@0.5.0
444 verbose addNamed "0.5.0" is a plain semver version for mkdirp
445 silly mapToRegistry name mkdirp
446 silly mapToRegistry using default registry
447 silly mapToRegistry registry https://registry.npmjs.org/
448 silly mapToRegistry uri https://registry.npmjs.org/mkdirp
449 verbose addNameVersion registry:https://registry.npmjs.org/mkdirp not in flight; fetching
450 silly cache add args [ 'supports-color@~1.2.0', null ]
451 verbose cache add spec supports-color@~1.2.0
452 silly cache add parsed spec { raw: 'supports-color@~1.2.0',
452 silly cache add   scope: null,
452 silly cache add   name: 'supports-color',
452 silly cache add   rawSpec: '~1.2.0',
452 silly cache add   spec: '>=1.2.0 <1.3.0',
452 silly cache add   type: 'range' }
453 silly addNamed supports-color@>=1.2.0 <1.3.0
454 verbose addNamed ">=1.2.0 <1.3.0" is a valid semver range for supports-color
455 silly addNameRange { name: 'supports-color',
455 silly addNameRange   range: '>=1.2.0 <1.3.0',
455 silly addNameRange   hasData: false }
456 silly mapToRegistry name supports-color
457 silly mapToRegistry using default registry
458 silly mapToRegistry registry https://registry.npmjs.org/
459 silly mapToRegistry uri https://registry.npmjs.org/supports-color
460 verbose addNameRange registry:https://registry.npmjs.org/supports-color not in flight; fetching
461 verbose request uri https://registry.npmjs.org/growl
462 verbose request no auth needed
463 info attempt registry request try #1 at 16:12:49
464 http request GET https://registry.npmjs.org/growl
465 verbose request uri https://registry.npmjs.org/jade
466 verbose request no auth needed
467 info attempt registry request try #1 at 16:12:49
468 http request GET https://registry.npmjs.org/jade
469 verbose request uri https://registry.npmjs.org/commander
470 verbose request no auth needed
471 info attempt registry request try #1 at 16:12:49
472 verbose etag "ALOJNMF2KDW8K7MGQTVCC76F"
473 http request GET https://registry.npmjs.org/commander
474 verbose request uri https://registry.npmjs.org/debug
475 verbose request no auth needed
476 info attempt registry request try #1 at 16:12:49
477 verbose etag "4TI5GZQVVBVY6XWG0ED4PPHW1"
478 http request GET https://registry.npmjs.org/debug
479 verbose request uri https://registry.npmjs.org/diff
480 verbose request no auth needed
481 info attempt registry request try #1 at 16:12:49
482 verbose etag "D9KWZ220HYNL0L6YP2DDST3NE"
483 http request GET https://registry.npmjs.org/diff
484 verbose request uri https://registry.npmjs.org/escape-string-regexp
485 verbose request no auth needed
486 info attempt registry request try #1 at 16:12:49
487 verbose etag "8MOKZ3EZW5AOLELFFTR0T8K98"
488 http request GET https://registry.npmjs.org/escape-string-regexp
489 verbose request uri https://registry.npmjs.org/glob
490 verbose request no auth needed
491 info attempt registry request try #1 at 16:12:49
492 verbose etag "S9Z5VRTWB0KFFKEZE02CU3QM"
493 http request GET https://registry.npmjs.org/glob
494 verbose request uri https://registry.npmjs.org/mkdirp
495 verbose request no auth needed
496 info attempt registry request try #1 at 16:12:49
497 verbose etag "96Z2GFEAI57S2ZQCRG0T5EXIB"
498 http request GET https://registry.npmjs.org/mkdirp
499 verbose request uri https://registry.npmjs.org/supports-color
500 verbose request no auth needed
501 info attempt registry request try #1 at 16:12:49
502 verbose etag "6XARZS06UWW9YHYIEQVR7TTOC"
503 http request GET https://registry.npmjs.org/supports-color
504 http 200 https://registry.npmjs.org/type-detect
505 silly get cb [ 200,
505 silly get   { server: 'CouchDB/1.5.0 (Erlang OTP/R16B03)',
505 silly get     etag: '"9DDN9OVCPG8TXADH24J312J20"',
505 silly get     'content-type': 'application/json',
505 silly get     'cache-control': 'max-age=60',
505 silly get     'content-length': '10773',
505 silly get     'accept-ranges': 'bytes',
505 silly get     date: 'Thu, 23 Jul 2015 21:12:49 GMT',
505 silly get     via: '1.1 varnish',
505 silly get     age: '23',
505 silly get     connection: 'keep-alive',
505 silly get     'x-served-by': 'cache-ord1734-ORD',
505 silly get     'x-cache': 'HIT',
505 silly get     'x-cache-hits': '1',
505 silly get     'x-timer': 'S1437685969.861724,VS0,VE0',
505 silly get     vary: 'Accept' } ]
506 verbose get saving type-detect to /home/james/.npm/registry.npmjs.org/type-detect/.cache.json
507 http 200 https://registry.npmjs.org/deep-eql
508 silly get cb [ 200,
508 silly get   { server: 'CouchDB/1.5.0 (Erlang OTP/R16B03)',
508 silly get     etag: '"4J4CQZCY7T9LYAX8QU0YTYBMA"',
508 silly get     'content-type': 'application/json',
508 silly get     'cache-control': 'max-age=60',
508 silly get     'content-length': '7088',
508 silly get     'accept-ranges': 'bytes',
508 silly get     date: 'Thu, 23 Jul 2015 21:12:49 GMT',
508 silly get     via: '1.1 varnish',
508 silly get     age: '23',
508 silly get     connection: 'keep-alive',
508 silly get     'x-served-by': 'cache-ord1735-ORD',
508 silly get     'x-cache': 'HIT',
508 silly get     'x-cache-hits': '42',
508 silly get     'x-timer': 'S1437685969.865862,VS0,VE0',
508 silly get     vary: 'Accept' } ]
509 verbose get saving deep-eql to /home/james/.npm/registry.npmjs.org/deep-eql/.cache.json
510 http 200 https://registry.npmjs.org/assertion-error
511 silly get cb [ 200,
511 silly get   { server: 'CouchDB/1.5.0 (Erlang OTP/R16B03)',
511 silly get     etag: '"24FGJ5E43YUU76OMKWEHAIZNF"',
511 silly get     'content-type': 'application/json',
511 silly get     'cache-control': 'max-age=60',
511 silly get     'content-length': '5663',
511 silly get     'accept-ranges': 'bytes',
511 silly get     date: 'Thu, 23 Jul 2015 21:12:49 GMT',
511 silly get     via: '1.1 varnish',
511 silly get     age: '35',
511 silly get     connection: 'keep-alive',
511 silly get     'x-served-by': 'cache-ord1732-ORD',
511 silly get     'x-cache': 'HIT',
511 silly get     'x-cache-hits': '2',
511 silly get     'x-timer': 'S1437685969.864730,VS0,VE0',
511 silly get     vary: 'Accept' } ]
512 verbose get saving assertion-error to /home/james/.npm/registry.npmjs.org/assertion-error/.cache.json
513 silly addNameRange number 2 { name: 'type-detect', range: '>=1.0.0 <2.0.0', hasData: true }
514 silly addNameRange versions [ 'type-detect', [ '0.1.0', '0.1.1', '0.1.2', '1.0.0' ] ]
515 silly addNamed type-detect@1.0.0
516 verbose addNamed "1.0.0" is a plain semver version for type-detect
517 silly addNameRange number 2 { name: 'deep-eql', range: '>=0.1.3 <0.2.0', hasData: true }
518 silly addNameRange versions [ 'deep-eql', [ '0.1.0', '0.1.1', '0.1.2', '0.1.3' ] ]
519 silly addNamed deep-eql@0.1.3
520 verbose addNamed "0.1.3" is a plain semver version for deep-eql
521 silly mapToRegistry name type-detect
522 silly mapToRegistry using default registry
523 silly mapToRegistry registry https://registry.npmjs.org/
524 silly mapToRegistry uri https://registry.npmjs.org/type-detect
525 verbose addRemoteTarball https://registry.npmjs.org/type-detect/-/type-detect-1.0.0.tgz not in flight; adding
526 verbose addRemoteTarball [ 'https://registry.npmjs.org/type-detect/-/type-detect-1.0.0.tgz',
526 verbose addRemoteTarball   '762217cc06db258ec48908a1298e8b95121e8ea2' ]
527 silly mapToRegistry name deep-eql
528 silly mapToRegistry using default registry
529 silly mapToRegistry registry https://registry.npmjs.org/
530 silly mapToRegistry uri https://registry.npmjs.org/deep-eql
531 verbose addRemoteTarball https://registry.npmjs.org/deep-eql/-/deep-eql-0.1.3.tgz not in flight; adding
532 verbose addRemoteTarball [ 'https://registry.npmjs.org/deep-eql/-/deep-eql-0.1.3.tgz',
532 verbose addRemoteTarball   'ef558acab8de25206cd713906d74e56930eb69f2' ]
533 silly addNameRange number 2 { name: 'assertion-error',
533 silly addNameRange   range: '>=1.0.1 <2.0.0',
533 silly addNameRange   hasData: true }
534 silly addNameRange versions [ 'assertion-error', [ '0.1.0', '1.0.0', '1.0.1' ] ]
535 silly addNamed assertion-error@1.0.1
536 verbose addNamed "1.0.1" is a plain semver version for assertion-error
537 silly mapToRegistry name assertion-error
538 silly mapToRegistry using default registry
539 silly mapToRegistry registry https://registry.npmjs.org/
540 silly mapToRegistry uri https://registry.npmjs.org/assertion-error
541 verbose addRemoteTarball https://registry.npmjs.org/assertion-error/-/assertion-error-1.0.1.tgz not in flight; adding
542 verbose addRemoteTarball [ 'https://registry.npmjs.org/assertion-error/-/assertion-error-1.0.1.tgz',
542 verbose addRemoteTarball   '35aaeec33097f11f42399ecadf33faccd27f5c4c' ]
543 info retry fetch attempt 1 at 16:12:49
544 info attempt registry request try #1 at 16:12:49
545 http fetch GET https://registry.npmjs.org/type-detect/-/type-detect-1.0.0.tgz
546 info retry fetch attempt 1 at 16:12:49
547 info attempt registry request try #1 at 16:12:49
548 http fetch GET https://registry.npmjs.org/deep-eql/-/deep-eql-0.1.3.tgz
549 info retry fetch attempt 1 at 16:12:49
550 info attempt registry request try #1 at 16:12:49
551 http fetch GET https://registry.npmjs.org/assertion-error/-/assertion-error-1.0.1.tgz
552 http 304 https://registry.npmjs.org/commander
553 silly get cb [ 304,
553 silly get   { date: 'Thu, 23 Jul 2015 21:12:49 GMT',
553 silly get     via: '1.1 varnish',
553 silly get     'cache-control': 'max-age=60',
553 silly get     etag: '"ALOJNMF2KDW8K7MGQTVCC76F"',
553 silly get     age: '10',
553 silly get     connection: 'keep-alive',
553 silly get     'x-served-by': 'cache-ord1734-ORD',
553 silly get     'x-cache': 'HIT',
553 silly get     'x-cache-hits': '1',
553 silly get     'x-timer': 'S1437685969.910326,VS0,VE0',
553 silly get     vary: 'Accept' } ]
554 verbose etag https://registry.npmjs.org/commander from cache
555 verbose get saving commander to /home/james/.npm/registry.npmjs.org/commander/.cache.json
556 http 304 https://registry.npmjs.org/debug
557 silly get cb [ 304,
557 silly get   { date: 'Thu, 23 Jul 2015 21:12:49 GMT',
557 silly get     via: '1.1 varnish',
557 silly get     'cache-control': 'max-age=60',
557 silly get     etag: '"4TI5GZQVVBVY6XWG0ED4PPHW1"',
557 silly get     age: '18',
557 silly get     connection: 'keep-alive',
557 silly get     'x-served-by': 'cache-ord1735-ORD',
557 silly get     'x-cache': 'HIT',
557 silly get     'x-cache-hits': '2',
557 silly get     'x-timer': 'S1437685969.913869,VS0,VE0',
557 silly get     vary: 'Accept' } ]
558 verbose etag https://registry.npmjs.org/debug from cache
559 verbose get saving debug to /home/james/.npm/registry.npmjs.org/debug/.cache.json
560 http 304 https://registry.npmjs.org/diff
561 silly get cb [ 304,
561 silly get   { date: 'Thu, 23 Jul 2015 21:12:49 GMT',
561 silly get     via: '1.1 varnish',
561 silly get     'cache-control': 'max-age=60',
561 silly get     etag: '"D9KWZ220HYNL0L6YP2DDST3NE"',
561 silly get     age: '51',
561 silly get     connection: 'keep-alive',
561 silly get     'x-served-by': 'cache-ord1732-ORD',
561 silly get     'x-cache': 'HIT',
561 silly get     'x-cache-hits': '3',
561 silly get     'x-timer': 'S1437685969.914249,VS0,VE0',
561 silly get     vary: 'Accept' } ]
562 verbose etag https://registry.npmjs.org/diff from cache
563 verbose get saving diff to /home/james/.npm/registry.npmjs.org/diff/.cache.json
564 silly mapToRegistry name commander
565 silly mapToRegistry using default registry
566 silly mapToRegistry registry https://registry.npmjs.org/
567 silly mapToRegistry uri https://registry.npmjs.org/commander
568 verbose addRemoteTarball https://registry.npmjs.org/commander/-/commander-2.3.0.tgz not in flight; adding
569 verbose addRemoteTarball [ 'https://registry.npmjs.org/commander/-/commander-2.3.0.tgz',
569 verbose addRemoteTarball   'fd430e889832ec353b9acd1de217c11cb3eef873' ]
570 silly mapToRegistry name debug
571 silly mapToRegistry using default registry
572 silly mapToRegistry registry https://registry.npmjs.org/
573 silly mapToRegistry uri https://registry.npmjs.org/debug
574 verbose addRemoteTarball https://registry.npmjs.org/debug/-/debug-2.0.0.tgz not in flight; adding
575 verbose addRemoteTarball [ 'https://registry.npmjs.org/debug/-/debug-2.0.0.tgz',
575 verbose addRemoteTarball   '89bd9df6732b51256bc6705342bba02ed12131ef' ]
576 silly cache afterAdd diff@1.4.0
577 verbose afterAdd /home/james/.npm/diff/1.4.0/package/package.json not in flight; writing
578 verbose afterAdd /home/james/.npm/diff/1.4.0/package/package.json written
579 http 200 https://registry.npmjs.org/growl
580 silly get cb [ 200,
580 silly get   { server: 'CouchDB/1.5.0 (Erlang OTP/R16B03)',
580 silly get     etag: '"CGVEO0QJS3R6FR17MM2N4D0BE"',
580 silly get     'content-type': 'application/json',
580 silly get     'cache-control': 'max-age=60',
580 silly get     'content-length': '14056',
580 silly get     'accept-ranges': 'bytes',
580 silly get     date: 'Thu, 23 Jul 2015 21:12:49 GMT',
580 silly get     via: '1.1 varnish',
580 silly get     age: '35',
580 silly get     connection: 'keep-alive',
580 silly get     'x-served-by': 'cache-ord1734-ORD',
580 silly get     'x-cache': 'HIT',
580 silly get     'x-cache-hits': '2',
580 silly get     'x-timer': 'S1437685969.893708,VS0,VE0',
580 silly get     vary: 'Accept' } ]
581 verbose get saving growl to /home/james/.npm/registry.npmjs.org/growl/.cache.json
582 silly mapToRegistry name growl
583 silly mapToRegistry using default registry
584 silly mapToRegistry registry https://registry.npmjs.org/
585 silly mapToRegistry uri https://registry.npmjs.org/growl
586 verbose addRemoteTarball https://registry.npmjs.org/growl/-/growl-1.8.1.tgz not in flight; adding
587 verbose addRemoteTarball [ 'https://registry.npmjs.org/growl/-/growl-1.8.1.tgz',
587 verbose addRemoteTarball   '4b2dec8d907e93db336624dcec0183502f8c9428' ]
588 info retry fetch attempt 1 at 16:12:49
589 info attempt registry request try #1 at 16:12:49
590 http fetch GET https://registry.npmjs.org/commander/-/commander-2.3.0.tgz
591 info retry fetch attempt 1 at 16:12:49
592 info attempt registry request try #1 at 16:12:49
593 http fetch GET https://registry.npmjs.org/debug/-/debug-2.0.0.tgz
594 info retry fetch attempt 1 at 16:12:49
595 info attempt registry request try #1 at 16:12:49
596 http fetch GET https://registry.npmjs.org/growl/-/growl-1.8.1.tgz
597 http 304 https://registry.npmjs.org/escape-string-regexp
598 silly get cb [ 304,
598 silly get   { date: 'Thu, 23 Jul 2015 21:12:49 GMT',
598 silly get     via: '1.1 varnish',
598 silly get     'cache-control': 'max-age=60',
598 silly get     etag: '"8MOKZ3EZW5AOLELFFTR0T8K98"',
598 silly get     age: '55',
598 silly get     connection: 'keep-alive',
598 silly get     'x-served-by': 'cache-ord1734-ORD',
598 silly get     'x-cache': 'HIT',
598 silly get     'x-cache-hits': '6',
598 silly get     'x-timer': 'S1437685969.957139,VS0,VE0',
598 silly get     vary: 'Accept' } ]
599 verbose etag https://registry.npmjs.org/escape-string-regexp from cache
600 verbose get saving escape-string-regexp to /home/james/.npm/registry.npmjs.org/escape-string-regexp/.cache.json
601 http 304 https://registry.npmjs.org/glob
602 silly get cb [ 304,
602 silly get   { date: 'Thu, 23 Jul 2015 21:12:49 GMT',
602 silly get     via: '1.1 varnish',
602 silly get     'cache-control': 'max-age=60',
602 silly get     etag: '"S9Z5VRTWB0KFFKEZE02CU3QM"',
602 silly get     age: '33',
602 silly get     connection: 'keep-alive',
602 silly get     'x-served-by': 'cache-ord1735-ORD',
602 silly get     'x-cache': 'HIT',
602 silly get     'x-cache-hits': '5',
602 silly get     'x-timer': 'S1437685969.960438,VS0,VE0',
602 silly get     vary: 'Accept' } ]
603 verbose etag https://registry.npmjs.org/glob from cache
604 verbose get saving glob to /home/james/.npm/registry.npmjs.org/glob/.cache.json
605 http 304 https://registry.npmjs.org/mkdirp
606 silly get cb [ 304,
606 silly get   { date: 'Thu, 23 Jul 2015 21:12:49 GMT',
606 silly get     via: '1.1 varnish',
606 silly get     'cache-control': 'max-age=60',
606 silly get     etag: '"96Z2GFEAI57S2ZQCRG0T5EXIB"',
606 silly get     age: '34',
606 silly get     connection: 'keep-alive',
606 silly get     'x-served-by': 'cache-ord1732-ORD',
606 silly get     'x-cache': 'HIT',
606 silly get     'x-cache-hits': '6',
606 silly get     'x-timer': 'S1437685969.963881,VS0,VE0',
606 silly get     vary: 'Accept' } ]
607 verbose etag https://registry.npmjs.org/mkdirp from cache
608 verbose get saving mkdirp to /home/james/.npm/registry.npmjs.org/mkdirp/.cache.json
609 silly mapToRegistry name escape-string-regexp
610 silly mapToRegistry using default registry
611 silly mapToRegistry registry https://registry.npmjs.org/
612 silly mapToRegistry uri https://registry.npmjs.org/escape-string-regexp
613 verbose addRemoteTarball https://registry.npmjs.org/escape-string-regexp/-/escape-string-regexp-1.0.2.tgz not in flight; adding
614 verbose addRemoteTarball [ 'https://registry.npmjs.org/escape-string-regexp/-/escape-string-regexp-1.0.2.tgz',
614 verbose addRemoteTarball   '4dbc2fe674e71949caf3fb2695ce7f2dc1d9a8d1' ]
615 silly mapToRegistry name glob
616 silly mapToRegistry using default registry
617 silly mapToRegistry registry https://registry.npmjs.org/
618 silly mapToRegistry uri https://registry.npmjs.org/glob
619 verbose addRemoteTarball https://registry.npmjs.org/glob/-/glob-3.2.3.tgz not in flight; adding
620 verbose addRemoteTarball [ 'https://registry.npmjs.org/glob/-/glob-3.2.3.tgz',
620 verbose addRemoteTarball   'e313eeb249c7affaa5c475286b0e115b59839467' ]
621 info retry fetch attempt 1 at 16:12:50
622 info attempt registry request try #1 at 16:12:50
623 http fetch GET https://registry.npmjs.org/escape-string-regexp/-/escape-string-regexp-1.0.2.tgz
624 info retry fetch attempt 1 at 16:12:50
625 info attempt registry request try #1 at 16:12:50
626 http fetch GET https://registry.npmjs.org/glob/-/glob-3.2.3.tgz
627 silly mapToRegistry name mkdirp
628 silly mapToRegistry using default registry
629 silly mapToRegistry registry https://registry.npmjs.org/
630 silly mapToRegistry uri https://registry.npmjs.org/mkdirp
631 verbose addRemoteTarball https://registry.npmjs.org/mkdirp/-/mkdirp-0.5.0.tgz not in flight; adding
632 verbose addRemoteTarball [ 'https://registry.npmjs.org/mkdirp/-/mkdirp-0.5.0.tgz',
632 verbose addRemoteTarball   '1d73076a6df986cd9344e15e71fcc05a4c9abf12' ]
633 http 304 https://registry.npmjs.org/supports-color
634 silly get cb [ 304,
634 silly get   { date: 'Thu, 23 Jul 2015 21:12:49 GMT',
634 silly get     via: '1.1 varnish',
634 silly get     'cache-control': 'max-age=60',
634 silly get     etag: '"6XARZS06UWW9YHYIEQVR7TTOC"',
634 silly get     age: '43',
634 silly get     connection: 'keep-alive',
634 silly get     'x-served-by': 'cache-ord1734-ORD',
634 silly get     'x-cache': 'HIT',
634 silly get     'x-cache-hits': '6',
634 silly get     'x-timer': 'S1437685969.987145,VS0,VE0',
634 silly get     vary: 'Accept' } ]
635 verbose etag https://registry.npmjs.org/supports-color from cache
636 verbose get saving supports-color to /home/james/.npm/registry.npmjs.org/supports-color/.cache.json
637 info retry fetch attempt 1 at 16:12:50
638 info attempt registry request try #1 at 16:12:50
639 http fetch GET https://registry.npmjs.org/mkdirp/-/mkdirp-0.5.0.tgz
640 silly addNameRange number 2 { name: 'supports-color',
640 silly addNameRange   range: '>=1.2.0 <1.3.0',
640 silly addNameRange   hasData: true }
641 silly addNameRange versions [ 'supports-color',
641 silly addNameRange   [ '0.2.0',
641 silly addNameRange     '1.0.0',
641 silly addNameRange     '1.1.0',
641 silly addNameRange     '1.2.0',
641 silly addNameRange     '1.2.1',
641 silly addNameRange     '1.3.0',
641 silly addNameRange     '1.3.1',
641 silly addNameRange     '2.0.0',
641 silly addNameRange     '3.0.0',
641 silly addNameRange     '3.0.1',
641 silly addNameRange     '3.1.0' ] ]
642 silly addNamed supports-color@1.2.1
643 verbose addNamed "1.2.1" is a plain semver version for supports-color
644 silly mapToRegistry name supports-color
645 silly mapToRegistry using default registry
646 silly mapToRegistry registry https://registry.npmjs.org/
647 silly mapToRegistry uri https://registry.npmjs.org/supports-color
648 verbose addRemoteTarball https://registry.npmjs.org/supports-color/-/supports-color-1.2.1.tgz not in flight; adding
649 verbose addRemoteTarball [ 'https://registry.npmjs.org/supports-color/-/supports-color-1.2.1.tgz',
649 verbose addRemoteTarball   '12ee21507086cd98c1058d9ec0f4ac476b7af3b2' ]
650 info retry fetch attempt 1 at 16:12:50
651 info attempt registry request try #1 at 16:12:50
652 http fetch GET https://registry.npmjs.org/supports-color/-/supports-color-1.2.1.tgz
653 http fetch 200 https://registry.npmjs.org/type-detect/-/type-detect-1.0.0.tgz
654 silly fetchAndShaCheck shasum 762217cc06db258ec48908a1298e8b95121e8ea2
655 verbose addTmpTarball /tmp/user/1000/npm-32511-ec99efe7/registry.npmjs.org/type-detect/-/type-detect-1.0.0.tgz not in flight; adding
656 verbose addTmpTarball already have metadata; skipping unpack for type-detect@1.0.0
657 http fetch 200 https://registry.npmjs.org/deep-eql/-/deep-eql-0.1.3.tgz
658 silly fetchAndShaCheck shasum ef558acab8de25206cd713906d74e56930eb69f2
659 verbose addTmpTarball /tmp/user/1000/npm-32511-ec99efe7/registry.npmjs.org/deep-eql/-/deep-eql-0.1.3.tgz not in flight; adding
660 verbose addTmpTarball already have metadata; skipping unpack for deep-eql@0.1.3
661 silly cache afterAdd type-detect@1.0.0
662 verbose afterAdd /home/james/.npm/type-detect/1.0.0/package/package.json not in flight; writing
663 verbose afterAdd /home/james/.npm/type-detect/1.0.0/package/package.json written
664 silly cache afterAdd deep-eql@0.1.3
665 verbose afterAdd /home/james/.npm/deep-eql/0.1.3/package/package.json not in flight; writing
666 verbose afterAdd /home/james/.npm/deep-eql/0.1.3/package/package.json written
667 http fetch 200 https://registry.npmjs.org/assertion-error/-/assertion-error-1.0.1.tgz
668 silly fetchAndShaCheck shasum 35aaeec33097f11f42399ecadf33faccd27f5c4c
669 verbose addTmpTarball /tmp/user/1000/npm-32511-ec99efe7/registry.npmjs.org/assertion-error/-/assertion-error-1.0.1.tgz not in flight; adding
670 verbose addTmpTarball already have metadata; skipping unpack for assertion-error@1.0.1
671 http 200 https://registry.npmjs.org/jade
672 silly get cb [ 200,
672 silly get   { server: 'CouchDB/1.5.0 (Erlang OTP/R16B03)',
672 silly get     etag: '"6OB3AH54VRWOQGY6A4IF4I11J"',
672 silly get     'content-type': 'application/json',
672 silly get     'cache-control': 'max-age=60',
672 silly get     'content-length': '147478',
672 silly get     'accept-ranges': 'bytes',
672 silly get     date: 'Thu, 23 Jul 2015 21:12:49 GMT',
672 silly get     via: '1.1 varnish',
672 silly get     age: '56',
672 silly get     connection: 'keep-alive',
672 silly get     'x-served-by': 'cache-ord1721-ORD',
672 silly get     'x-cache': 'HIT',
672 silly get     'x-cache-hits': '1',
672 silly get     'x-timer': 'S1437685969.891568,VS0,VE1',
672 silly get     vary: 'Accept' } ]
673 verbose get saving jade to /home/james/.npm/registry.npmjs.org/jade/.cache.json
674 http fetch 200 https://registry.npmjs.org/commander/-/commander-2.3.0.tgz
675 silly fetchAndShaCheck shasum fd430e889832ec353b9acd1de217c11cb3eef873
676 silly cache afterAdd assertion-error@1.0.1
677 verbose afterAdd /home/james/.npm/assertion-error/1.0.1/package/package.json not in flight; writing
678 verbose addTmpTarball /tmp/user/1000/npm-32511-ec99efe7/registry.npmjs.org/commander/-/commander-2.3.0.tgz not in flight; adding
679 verbose addTmpTarball already have metadata; skipping unpack for commander@2.3.0
680 silly mapToRegistry name jade
681 silly mapToRegistry using default registry
682 silly mapToRegistry registry https://registry.npmjs.org/
683 silly mapToRegistry uri https://registry.npmjs.org/jade
684 verbose addRemoteTarball https://registry.npmjs.org/jade/-/jade-0.26.3.tgz not in flight; adding
685 verbose addRemoteTarball [ 'https://registry.npmjs.org/jade/-/jade-0.26.3.tgz',
685 verbose addRemoteTarball   '8f10d7977d8d79f2f6ff862a81b0513ccb25686c' ]
686 verbose afterAdd /home/james/.npm/assertion-error/1.0.1/package/package.json written
687 silly install resolved [ { name: 'type-detect',
687 silly install resolved     version: '1.0.0',
687 silly install resolved     description: 'Improved typeof detection for node.js and the browser.',
687 silly install resolved     author:
687 silly install resolved      { name: 'Jake Luer',
687 silly install resolved        email: 'jake@alogicalparadox.com',
687 silly install resolved        url: 'http://alogicalparadox.com' },
687 silly install resolved     license: 'MIT',
687 silly install resolved     keywords: [],
687 silly install resolved     repository: { type: 'git', url: 'git@github.com:chaijs/type-detect.git' },
687 silly install resolved     engines: { node: '*' },
687 silly install resolved     main: './index',
687 silly install resolved     scripts: { test: 'make test' },
687 silly install resolved     dependencies: {},
687 silly install resolved     devDependencies:
687 silly install resolved      { component: '*',
687 silly install resolved        coveralls: '2.0.16',
687 silly install resolved        jscoverage: '0.3.7',
687 silly install resolved        mocha: '*',
687 silly install resolved        'mocha-lcov-reporter': '0.0.1',
687 silly install resolved        'mocha-phantomjs': '*',
687 silly install resolved        'simple-assert': '*' },
687 silly install resolved     gitHead: '3617862cbaa220d3700cfc9e96c6d3feb49e9587',
687 silly install resolved     bugs: { url: 'https://github.com/chaijs/type-detect/issues' },
687 silly install resolved     homepage: 'https://github.com/chaijs/type-detect',
687 silly install resolved     _id: 'type-detect@1.0.0',
687 silly install resolved     _shasum: '762217cc06db258ec48908a1298e8b95121e8ea2',
687 silly install resolved     _from: 'type-detect@>=1.0.0 <2.0.0',
687 silly install resolved     _npmVersion: '2.3.0',
687 silly install resolved     _nodeVersion: '0.11.16',
687 silly install resolved     _npmUser: { name: 'jakeluer', email: 'jake@alogicalparadox.com' },
687 silly install resolved     maintainers: [ [Object] ],
687 silly install resolved     dist:
687 silly install resolved      { shasum: '762217cc06db258ec48908a1298e8b95121e8ea2',
687 silly install resolved        tarball: 'http://registry.npmjs.org/type-detect/-/type-detect-1.0.0.tgz' },
687 silly install resolved     directories: {},
687 silly install resolved     _resolved: 'https://registry.npmjs.org/type-detect/-/type-detect-1.0.0.tgz' },
687 silly install resolved   { name: 'deep-eql',
687 silly install resolved     version: '0.1.3',
687 silly install resolved     description: 'Improved deep equality testing for Node.js and the browser.',
687 silly install resolved     author: { name: 'Jake Luer', email: 'jake@alogicalparadox.com' },
687 silly install resolved     license: 'MIT',
687 silly install resolved     keywords: [ 'deep equal', 'object equal', 'testing', 'chai util' ],
687 silly install resolved     repository: { type: 'git', url: 'git@github.com:chaijs/deep-eql.git' },
687 silly install resolved     engines: { node: '*' },
687 silly install resolved     main: './index',
687 silly install resolved     scripts: { test: 'make test' },
687 silly install resolved     dependencies: { 'type-detect': '0.1.1' },
687 silly install resolved     devDependencies:
687 silly install resolved      { component: '*',
687 silly install resolved        coveralls: '2.0.16',
687 silly install resolved        jscoverage: '0.3.7',
687 silly install resolved        karma: '0.10.x',
687 silly install resolved        'karma-mocha': '*',
687 silly install resolved        mocha: '*',
687 silly install resolved        'mocha-lcov-reporter': '0.0.1',
687 silly install resolved        'simple-assert': '*' },
687 silly install resolved     bugs: { url: 'https://github.com/chaijs/deep-eql/issues' },
687 silly install resolved     _id: 'deep-eql@0.1.3',
687 silly install resolved     dist:
687 silly install resolved      { shasum: 'ef558acab8de25206cd713906d74e56930eb69f2',
687 silly install resolved        tarball: 'http://registry.npmjs.org/deep-eql/-/deep-eql-0.1.3.tgz' },
687 silly install resolved     _from: 'deep-eql@>=0.1.3 <0.2.0',
687 silly install resolved     _npmVersion: '1.3.11',
687 silly install resolved     _npmUser: { name: 'jakeluer', email: 'jake@alogicalparadox.com' },
687 silly install resolved     maintainers: [ [Object] ],
687 silly install resolved     directories: {},
687 silly install resolved     _shasum: 'ef558acab8de25206cd713906d74e56930eb69f2',
687 silly install resolved     _resolved: 'https://registry.npmjs.org/deep-eql/-/deep-eql-0.1.3.tgz' },
687 silly install resolved   { name: 'assertion-error',
687 silly install resolved     version: '1.0.1',
687 silly install resolved     description: 'Error constructor for test and validation frameworks that implements standardized AssertionError specification.',
687 silly install resolved     author:
687 silly install resolved      { name: 'Jake Luer',
687 silly install resolved        email: 'jake@qualiancy.com',
687 silly install resolved        url: 'http://qualiancy.com' },
687 silly install resolved     license: 'MIT',
687 silly install resolved     keywords: [ 'test', 'assertion', 'assertion-error' ],
687 silly install resolved     repository:
687 silly install resolved      { type: 'git',
687 silly install resolved        url: 'git@github.com:chaijs/assertion-error.git' },
687 silly install resolved     engines: { node: '*' },
687 silly install resolved     main: './index',
687 silly install resolved     scripts: { test: 'make test' },
687 silly install resolved     dependencies: {},
687 silly install resolved     devDependencies: { component: '*' },
687 silly install resolved     gitHead: 'db10d2fc753f00b3dad24956921056eaf1e03708',
687 silly install resolved     bugs: { url: 'https://github.com/chaijs/assertion-error/issues' },
687 silly install resolved     homepage: 'https://github.com/chaijs/assertion-error',
687 silly install resolved     _id: 'assertion-error@1.0.1',
687 silly install resolved     _shasum: '35aaeec33097f11f42399ecadf33faccd27f5c4c',
687 silly install resolved     _from: 'assertion-error@>=1.0.1 <2.0.0',
687 silly install resolved     _npmVersion: '1.4.28',
687 silly install resolved     _npmUser: { name: 'jakeluer', email: 'jake@alogicalparadox.com' },
687 silly install resolved     maintainers: [ [Object] ],
687 silly install resolved     dist:
687 silly install resolved      { shasum: '35aaeec33097f11f42399ecadf33faccd27f5c4c',
687 silly install resolved        tarball: 'http://registry.npmjs.org/assertion-error/-/assertion-error-1.0.1.tgz' },
687 silly install resolved     directories: {},
687 silly install resolved     _resolved: 'https://registry.npmjs.org/assertion-error/-/assertion-error-1.0.1.tgz' } ]
688 info install type-detect@1.0.0 into /home/james/Dropbox/CCE/svc2/node_modules/chai
689 info install deep-eql@0.1.3 into /home/james/Dropbox/CCE/svc2/node_modules/chai
690 info install assertion-error@1.0.1 into /home/james/Dropbox/CCE/svc2/node_modules/chai
691 info installOne type-detect@1.0.0
692 verbose installOne of type-detect to /home/james/Dropbox/CCE/svc2/node_modules/chai not in flight; installing
693 info installOne deep-eql@0.1.3
694 verbose installOne of deep-eql to /home/james/Dropbox/CCE/svc2/node_modules/chai not in flight; installing
695 info installOne assertion-error@1.0.1
696 verbose installOne of assertion-error to /home/james/Dropbox/CCE/svc2/node_modules/chai not in flight; installing
697 info retry fetch attempt 1 at 16:12:50
698 info attempt registry request try #1 at 16:12:50
699 http fetch GET https://registry.npmjs.org/jade/-/jade-0.26.3.tgz
700 http fetch 200 https://registry.npmjs.org/debug/-/debug-2.0.0.tgz
701 http fetch 200 https://registry.npmjs.org/growl/-/growl-1.8.1.tgz
702 verbose lock using /home/james/.npm/_locks/type-detect-644775e04f09ca75.lock for /home/james/Dropbox/CCE/svc2/node_modules/chai/node_modules/type-detect
703 verbose lock using /home/james/.npm/_locks/deep-eql-3c59d4e69519a8eb.lock for /home/james/Dropbox/CCE/svc2/node_modules/chai/node_modules/deep-eql
704 verbose lock using /home/james/.npm/_locks/assertion-error-88e5ae29badbfd7c.lock for /home/james/Dropbox/CCE/svc2/node_modules/chai/node_modules/assertion-error
705 silly install write writing type-detect 1.0.0 to /home/james/Dropbox/CCE/svc2/node_modules/chai/node_modules/type-detect
706 silly install write writing deep-eql 0.1.3 to /home/james/Dropbox/CCE/svc2/node_modules/chai/node_modules/deep-eql
707 silly install write writing assertion-error 1.0.1 to /home/james/Dropbox/CCE/svc2/node_modules/chai/node_modules/assertion-error
708 silly fetchAndShaCheck shasum 89bd9df6732b51256bc6705342bba02ed12131ef
709 silly fetchAndShaCheck shasum 4b2dec8d907e93db336624dcec0183502f8c9428
710 verbose addTmpTarball /tmp/user/1000/npm-32511-ec99efe7/registry.npmjs.org/debug/-/debug-2.0.0.tgz not in flight; adding
711 verbose addTmpTarball already have metadata; skipping unpack for debug@2.0.0
712 verbose addTmpTarball /tmp/user/1000/npm-32511-ec99efe7/registry.npmjs.org/growl/-/growl-1.8.1.tgz not in flight; adding
713 verbose addTmpTarball already have metadata; skipping unpack for growl@1.8.1
714 verbose unbuild node_modules/chai/node_modules/type-detect
715 verbose unbuild node_modules/chai/node_modules/deep-eql
716 verbose unbuild node_modules/chai/node_modules/assertion-error
717 silly gentlyRm /home/james/Dropbox/CCE/svc2/node_modules/chai/node_modules/type-detect is being purged from base /home/james/Dropbox/CCE/svc2
718 verbose gentlyRm don't care about contents; nuking /home/james/Dropbox/CCE/svc2/node_modules/chai/node_modules/type-detect
719 silly gentlyRm /home/james/Dropbox/CCE/svc2/node_modules/chai/node_modules/deep-eql is being purged from base /home/james/Dropbox/CCE/svc2
720 verbose gentlyRm don't care about contents; nuking /home/james/Dropbox/CCE/svc2/node_modules/chai/node_modules/deep-eql
721 silly gentlyRm /home/james/Dropbox/CCE/svc2/node_modules/chai/node_modules/assertion-error is being purged from base /home/james/Dropbox/CCE/svc2
722 verbose gentlyRm don't care about contents; nuking /home/james/Dropbox/CCE/svc2/node_modules/chai/node_modules/assertion-error
723 verbose tar unpack /home/james/.npm/type-detect/1.0.0/package.tgz
724 verbose tar unpacking to /home/james/Dropbox/CCE/svc2/node_modules/chai/node_modules/type-detect
725 silly gentlyRm /home/james/Dropbox/CCE/svc2/node_modules/chai/node_modules/type-detect is being purged
726 verbose gentlyRm don't care about contents; nuking /home/james/Dropbox/CCE/svc2/node_modules/chai/node_modules/type-detect
727 verbose tar unpack /home/james/.npm/deep-eql/0.1.3/package.tgz
728 verbose tar unpacking to /home/james/Dropbox/CCE/svc2/node_modules/chai/node_modules/deep-eql
729 silly gentlyRm /home/james/Dropbox/CCE/svc2/node_modules/chai/node_modules/deep-eql is being purged
730 verbose gentlyRm don't care about contents; nuking /home/james/Dropbox/CCE/svc2/node_modules/chai/node_modules/deep-eql
731 verbose tar unpack /home/james/.npm/assertion-error/1.0.1/package.tgz
732 verbose tar unpacking to /home/james/Dropbox/CCE/svc2/node_modules/chai/node_modules/assertion-error
733 silly gentlyRm /home/james/Dropbox/CCE/svc2/node_modules/chai/node_modules/assertion-error is being purged
734 verbose gentlyRm don't care about contents; nuking /home/james/Dropbox/CCE/svc2/node_modules/chai/node_modules/assertion-error
735 silly gunzTarPerm modes [ '775', '664' ]
736 silly gunzTarPerm modes [ '775', '664' ]
737 silly gunzTarPerm modes [ '775', '664' ]
738 silly gunzTarPerm extractEntry package.json
739 silly gunzTarPerm extractEntry package.json
740 silly gunzTarPerm modified mode [ 'package.json', 420, 436 ]
741 silly gunzTarPerm extractEntry package.json
742 silly gunzTarPerm modified mode [ 'package.json', 420, 436 ]
743 http fetch 200 https://registry.npmjs.org/escape-string-regexp/-/escape-string-regexp-1.0.2.tgz
744 silly gunzTarPerm extractEntry .npmignore
745 silly gunzTarPerm extractEntry README.md
746 silly gunzTarPerm extractEntry .npmignore
747 silly gunzTarPerm modified mode [ '.npmignore', 420, 436 ]
748 silly gunzTarPerm extractEntry README.md
749 silly gunzTarPerm modified mode [ 'README.md', 420, 436 ]
750 silly gunzTarPerm extractEntry .npmignore
751 silly gunzTarPerm modified mode [ '.npmignore', 420, 436 ]
752 silly gunzTarPerm extractEntry README.md
753 silly gunzTarPerm modified mode [ 'README.md', 420, 436 ]
754 silly cache afterAdd growl@1.8.1
755 verbose afterAdd /home/james/.npm/growl/1.8.1/package/package.json not in flight; writing
756 silly fetchAndShaCheck shasum 4dbc2fe674e71949caf3fb2695ce7f2dc1d9a8d1
757 verbose addTmpTarball /tmp/user/1000/npm-32511-ec99efe7/registry.npmjs.org/escape-string-regexp/-/escape-string-regexp-1.0.2.tgz not in flight; adding
758 verbose addTmpTarball already have metadata; skipping unpack for escape-string-regexp@1.0.2
759 verbose afterAdd /home/james/.npm/growl/1.8.1/package/package.json written
760 silly gunzTarPerm extractEntry index.js
761 silly gunzTarPerm extractEntry History.md
762 silly gunzTarPerm extractEntry index.js
763 silly gunzTarPerm modified mode [ 'index.js', 420, 436 ]
764 silly gunzTarPerm extractEntry karma.conf.js
765 silly gunzTarPerm modified mode [ 'karma.conf.js', 420, 436 ]
766 silly gunzTarPerm extractEntry index.js
767 silly gunzTarPerm modified mode [ 'index.js', 420, 436 ]
768 silly gunzTarPerm extractEntry History.md
769 silly gunzTarPerm modified mode [ 'History.md', 420, 436 ]
770 silly gunzTarPerm extractEntry ReleaseNotes.md
771 silly gunzTarPerm extractEntry lib/type.js
772 silly gunzTarPerm extractEntry History.md
773 silly gunzTarPerm modified mode [ 'History.md', 420, 436 ]
774 silly gunzTarPerm extractEntry lib/eql.js
775 silly gunzTarPerm modified mode [ 'lib/eql.js', 420, 436 ]
776 http fetch 200 https://registry.npmjs.org/glob/-/glob-3.2.3.tgz
777 http fetch 200 https://registry.npmjs.org/mkdirp/-/mkdirp-0.5.0.tgz
778 http fetch 200 https://registry.npmjs.org/supports-color/-/supports-color-1.2.1.tgz
779 silly fetchAndShaCheck shasum e313eeb249c7affaa5c475286b0e115b59839467
780 silly fetchAndShaCheck shasum 1d73076a6df986cd9344e15e71fcc05a4c9abf12
781 silly fetchAndShaCheck shasum 12ee21507086cd98c1058d9ec0f4ac476b7af3b2
782 verbose addTmpTarball /tmp/user/1000/npm-32511-ec99efe7/registry.npmjs.org/glob/-/glob-3.2.3.tgz not in flight; adding
783 verbose addTmpTarball already have metadata; skipping unpack for glob@3.2.3
784 verbose addTmpTarball /tmp/user/1000/npm-32511-ec99efe7/registry.npmjs.org/mkdirp/-/mkdirp-0.5.0.tgz not in flight; adding
785 verbose addTmpTarball already have metadata; skipping unpack for mkdirp@0.5.0
786 verbose addTmpTarball /tmp/user/1000/npm-32511-ec99efe7/registry.npmjs.org/supports-color/-/supports-color-1.2.1.tgz not in flight; adding
787 verbose addTmpTarball already have metadata; skipping unpack for supports-color@1.2.1
788 verbose write writing to /home/james/Dropbox/CCE/svc2/node_modules/chai/node_modules/assertion-error/package.json
789 info preinstall assertion-error@1.0.1
790 verbose readDependencies loading dependencies from /home/james/Dropbox/CCE/svc2/node_modules/chai/node_modules/assertion-error/package.json
791 verbose readDependencies loading dependencies from /home/james/Dropbox/CCE/svc2/node_modules/chai/node_modules/assertion-error/package.json
792 verbose write writing to /home/james/Dropbox/CCE/svc2/node_modules/chai/node_modules/deep-eql/package.json
793 info preinstall deep-eql@0.1.3
794 silly install resolved []
795 verbose about to build /home/james/Dropbox/CCE/svc2/node_modules/chai/node_modules/assertion-error
796 info build /home/james/Dropbox/CCE/svc2/node_modules/chai/node_modules/assertion-error
797 verbose readDependencies loading dependencies from /home/james/Dropbox/CCE/svc2/node_modules/chai/node_modules/deep-eql/package.json
798 verbose write writing to /home/james/Dropbox/CCE/svc2/node_modules/chai/node_modules/type-detect/package.json
799 info preinstall type-detect@1.0.0
800 verbose readDependencies loading dependencies from /home/james/Dropbox/CCE/svc2/node_modules/chai/node_modules/type-detect/package.json
801 info linkStuff assertion-error@1.0.1
802 silly linkStuff assertion-error@1.0.1 has /home/james/Dropbox/CCE/svc2/node_modules/chai/node_modules as its parent node_modules
803 silly prepareForInstallMany adding type-detect@0.1.1 from deep-eql dependencies
804 verbose readDependencies loading dependencies from /home/james/Dropbox/CCE/svc2/node_modules/chai/node_modules/deep-eql/package.json
805 verbose linkBins assertion-error@1.0.1
806 verbose linkMans assertion-error@1.0.1
807 verbose rebuildBundles assertion-error@1.0.1
808 info install assertion-error@1.0.1
809 info postinstall assertion-error@1.0.1
810 http fetch 200 https://registry.npmjs.org/jade/-/jade-0.26.3.tgz
811 verbose readDependencies loading dependencies from /home/james/Dropbox/CCE/svc2/node_modules/chai/node_modules/type-detect/package.json
812 verbose unlock done using /home/james/.npm/_locks/assertion-error-88e5ae29badbfd7c.lock for /home/james/Dropbox/CCE/svc2/node_modules/chai/node_modules/assertion-error
813 silly cache add args [ 'type-detect@0.1.1', null ]
814 verbose cache add spec type-detect@0.1.1
815 silly cache add parsed spec { raw: 'type-detect@0.1.1',
815 silly cache add   scope: null,
815 silly cache add   name: 'type-detect',
815 silly cache add   rawSpec: '0.1.1',
815 silly cache add   spec: '0.1.1',
815 silly cache add   type: 'version' }
816 silly addNamed type-detect@0.1.1
817 verbose addNamed "0.1.1" is a plain semver version for type-detect
818 silly mapToRegistry name type-detect
819 silly mapToRegistry using default registry
820 silly mapToRegistry registry https://registry.npmjs.org/
821 silly mapToRegistry uri https://registry.npmjs.org/type-detect
822 verbose addNameVersion registry:https://registry.npmjs.org/type-detect not in flight; fetching
823 verbose get https://registry.npmjs.org/type-detect not expired, no request
824 silly install resolved []
825 verbose about to build /home/james/Dropbox/CCE/svc2/node_modules/chai/node_modules/type-detect
826 info build /home/james/Dropbox/CCE/svc2/node_modules/chai/node_modules/type-detect
827 silly mapToRegistry name type-detect
828 silly mapToRegistry using default registry
829 silly mapToRegistry registry https://registry.npmjs.org/
830 silly mapToRegistry uri https://registry.npmjs.org/type-detect
831 verbose addRemoteTarball https://registry.npmjs.org/type-detect/-/type-detect-0.1.1.tgz not in flight; adding
832 verbose addRemoteTarball [ 'https://registry.npmjs.org/type-detect/-/type-detect-0.1.1.tgz',
832 verbose addRemoteTarball   '0ba5ec2a885640e470ea4e8505971900dac58822' ]
833 info retry fetch attempt 1 at 16:12:50
834 info attempt registry request try #1 at 16:12:50
835 http fetch GET https://registry.npmjs.org/type-detect/-/type-detect-0.1.1.tgz
836 info linkStuff type-detect@1.0.0
837 silly linkStuff type-detect@1.0.0 has /home/james/Dropbox/CCE/svc2/node_modules/chai/node_modules as its parent node_modules
838 verbose linkBins type-detect@1.0.0
839 verbose linkMans type-detect@1.0.0
840 verbose rebuildBundles type-detect@1.0.0
841 info install type-detect@1.0.0
842 info postinstall type-detect@1.0.0
843 verbose unlock done using /home/james/.npm/_locks/type-detect-644775e04f09ca75.lock for /home/james/Dropbox/CCE/svc2/node_modules/chai/node_modules/type-detect
844 silly fetchAndShaCheck shasum 8f10d7977d8d79f2f6ff862a81b0513ccb25686c
845 verbose addTmpTarball /tmp/user/1000/npm-32511-ec99efe7/registry.npmjs.org/jade/-/jade-0.26.3.tgz not in flight; adding
846 verbose addTmpTarball already have metadata; skipping unpack for jade@0.26.3
847 silly cache afterAdd jade@0.26.3
848 verbose afterAdd /home/james/.npm/jade/0.26.3/package/package.json not in flight; writing
849 verbose afterAdd /home/james/.npm/jade/0.26.3/package/package.json written
850 verbose about to build /home/james/Dropbox/CCE/svc2/node_modules/mocha
851 verbose unlock done using /home/james/.npm/_locks/mocha-76ab922be48c92fd.lock for /home/james/Dropbox/CCE/svc2/node_modules/mocha
852 http fetch 200 https://registry.npmjs.org/type-detect/-/type-detect-0.1.1.tgz
853 silly fetchAndShaCheck shasum 0ba5ec2a885640e470ea4e8505971900dac58822
854 verbose addTmpTarball /tmp/user/1000/npm-32511-ec99efe7/registry.npmjs.org/type-detect/-/type-detect-0.1.1.tgz not in flight; adding
855 verbose addTmpTarball already have metadata; skipping unpack for type-detect@0.1.1
856 silly cache afterAdd type-detect@0.1.1
857 verbose afterAdd /home/james/.npm/type-detect/0.1.1/package/package.json not in flight; writing
858 verbose afterAdd /home/james/.npm/type-detect/0.1.1/package/package.json written
859 silly install resolved [ { name: 'type-detect',
859 silly install resolved     version: '0.1.1',
859 silly install resolved     description: 'Improved typeof detection for node.js and the browser.',
859 silly install resolved     author:
859 silly install resolved      { name: 'Jake Luer',
859 silly install resolved        email: 'jake@alogicalparadox.com',
859 silly install resolved        url: 'http://alogicalparadox.com' },
859 silly install resolved     license: 'MIT',
859 silly install resolved     keywords: [],
859 silly install resolved     repository: { type: 'git', url: 'git@github.com:chaijs/type-detect.git' },
859 silly install resolved     engines: { node: '*' },
859 silly install resolved     main: './index',
859 silly install resolved     scripts: { test: 'make test' },
859 silly install resolved     dependencies: {},
859 silly install resolved     devDependencies:
859 silly install resolved      { component: '*',
859 silly install resolved        coveralls: '2.0.16',
859 silly install resolved        jscoverage: '0.3.7',
859 silly install resolved        mocha: '*',
859 silly install resolved        'mocha-lcov-reporter': '0.0.1',
859 silly install resolved        'mocha-phantomjs': '*',
859 silly install resolved        'simple-assert': '*' },
859 silly install resolved     bugs: { url: 'https://github.com/chaijs/type-detect/issues' },
859 silly install resolved     _id: 'type-detect@0.1.1',
859 silly install resolved     dist:
859 silly install resolved      { shasum: '0ba5ec2a885640e470ea4e8505971900dac58822',
859 silly install resolved        tarball: 'http://registry.npmjs.org/type-detect/-/type-detect-0.1.1.tgz' },
859 silly install resolved     _from: 'type-detect@0.1.1',
859 silly install resolved     _npmVersion: '1.3.11',
859 silly install resolved     _npmUser: { name: 'jakeluer', email: 'jake@alogicalparadox.com' },
859 silly install resolved     maintainers: [ [Object] ],
859 silly install resolved     directories: {},
859 silly install resolved     _shasum: '0ba5ec2a885640e470ea4e8505971900dac58822',
859 silly install resolved     _resolved: 'https://registry.npmjs.org/type-detect/-/type-detect-0.1.1.tgz' } ]
860 info install type-detect@0.1.1 into /home/james/Dropbox/CCE/svc2/node_modules/chai/node_modules/deep-eql
861 info installOne type-detect@0.1.1
862 verbose installOne of type-detect to /home/james/Dropbox/CCE/svc2/node_modules/chai/node_modules/deep-eql not in flight; installing
863 verbose lock using /home/james/.npm/_locks/type-detect-b78501a9a396a558.lock for /home/james/Dropbox/CCE/svc2/node_modules/chai/node_modules/deep-eql/node_modules/type-detect
864 silly install write writing type-detect 0.1.1 to /home/james/Dropbox/CCE/svc2/node_modules/chai/node_modules/deep-eql/node_modules/type-detect
865 verbose unbuild node_modules/chai/node_modules/deep-eql/node_modules/type-detect
866 silly gentlyRm /home/james/Dropbox/CCE/svc2/node_modules/chai/node_modules/deep-eql/node_modules/type-detect is being purged from base /home/james/Dropbox/CCE/svc2
867 verbose gentlyRm don't care about contents; nuking /home/james/Dropbox/CCE/svc2/node_modules/chai/node_modules/deep-eql/node_modules/type-detect
868 verbose tar unpack /home/james/.npm/type-detect/0.1.1/package.tgz
869 verbose tar unpacking to /home/james/Dropbox/CCE/svc2/node_modules/chai/node_modules/deep-eql/node_modules/type-detect
870 silly gentlyRm /home/james/Dropbox/CCE/svc2/node_modules/chai/node_modules/deep-eql/node_modules/type-detect is being purged
871 verbose gentlyRm don't care about contents; nuking /home/james/Dropbox/CCE/svc2/node_modules/chai/node_modules/deep-eql/node_modules/type-detect
872 silly gunzTarPerm modes [ '775', '664' ]
873 silly gunzTarPerm extractEntry package.json
874 silly gunzTarPerm modified mode [ 'package.json', 420, 436 ]
875 silly gunzTarPerm extractEntry .npmignore
876 silly gunzTarPerm modified mode [ '.npmignore', 420, 436 ]
877 silly gunzTarPerm extractEntry README.md
878 silly gunzTarPerm modified mode [ 'README.md', 420, 436 ]
879 silly gunzTarPerm extractEntry index.js
880 silly gunzTarPerm modified mode [ 'index.js', 420, 436 ]
881 silly gunzTarPerm extractEntry History.md
882 silly gunzTarPerm modified mode [ 'History.md', 420, 436 ]
883 silly gunzTarPerm extractEntry lib/type.js
884 silly gunzTarPerm modified mode [ 'lib/type.js', 420, 436 ]
885 verbose write writing to /home/james/Dropbox/CCE/svc2/node_modules/chai/node_modules/deep-eql/node_modules/type-detect/package.json
886 info preinstall type-detect@0.1.1
887 verbose readDependencies loading dependencies from /home/james/Dropbox/CCE/svc2/node_modules/chai/node_modules/deep-eql/node_modules/type-detect/package.json
888 verbose readDependencies loading dependencies from /home/james/Dropbox/CCE/svc2/node_modules/chai/node_modules/deep-eql/node_modules/type-detect/package.json
889 silly install resolved []
890 verbose about to build /home/james/Dropbox/CCE/svc2/node_modules/chai/node_modules/deep-eql/node_modules/type-detect
891 info build /home/james/Dropbox/CCE/svc2/node_modules/chai/node_modules/deep-eql/node_modules/type-detect
892 info linkStuff type-detect@0.1.1
893 silly linkStuff type-detect@0.1.1 has /home/james/Dropbox/CCE/svc2/node_modules/chai/node_modules/deep-eql/node_modules as its parent node_modules
894 verbose linkBins type-detect@0.1.1
895 verbose linkMans type-detect@0.1.1
896 verbose rebuildBundles type-detect@0.1.1
897 info install type-detect@0.1.1
898 info postinstall type-detect@0.1.1
899 verbose unlock done using /home/james/.npm/_locks/type-detect-b78501a9a396a558.lock for /home/james/Dropbox/CCE/svc2/node_modules/chai/node_modules/deep-eql/node_modules/type-detect
900 verbose about to build /home/james/Dropbox/CCE/svc2/node_modules/chai/node_modules/deep-eql
901 info build /home/james/Dropbox/CCE/svc2/node_modules/chai/node_modules/deep-eql
902 info linkStuff deep-eql@0.1.3
903 silly linkStuff deep-eql@0.1.3 has /home/james/Dropbox/CCE/svc2/node_modules/chai/node_modules as its parent node_modules
904 verbose linkBins deep-eql@0.1.3
905 verbose linkMans deep-eql@0.1.3
906 verbose rebuildBundles deep-eql@0.1.3
907 verbose rebuildBundles [ 'type-detect' ]
908 info install deep-eql@0.1.3
909 info postinstall deep-eql@0.1.3
910 verbose unlock done using /home/james/.npm/_locks/deep-eql-3c59d4e69519a8eb.lock for /home/james/Dropbox/CCE/svc2/node_modules/chai/node_modules/deep-eql
911 verbose about to build /home/james/Dropbox/CCE/svc2/node_modules/chai
912 info build /home/james/Dropbox/CCE/svc2/node_modules/chai
913 info linkStuff chai@3.2.0
914 silly linkStuff chai@3.2.0 has /home/james/Dropbox/CCE/svc2/node_modules as its parent node_modules
915 verbose linkBins chai@3.2.0
916 verbose linkMans chai@3.2.0
917 verbose rebuildBundles chai@3.2.0
918 verbose rebuildBundles [ 'assertion-error', 'deep-eql', 'type-detect' ]
919 info install chai@3.2.0
920 info postinstall chai@3.2.0
921 verbose unlock done using /home/james/.npm/_locks/chai-3a7787782a473033.lock for /home/james/Dropbox/CCE/svc2/node_modules/chai
922 verbose stack Error: EACCES, mkdir '/home/james/.npm/commander/2.3.0'
923 verbose cwd /home/james/Dropbox/CCE/svc2
924 error Linux 3.13.0-58-generic
925 error argv "node" "/usr/bin/npm" "install" "mocha" "chai" "--save-dev"
926 error node v0.10.40
927 error npm  v2.13.1
928 error path /home/james/.npm/commander/2.3.0
929 error code EACCES
930 error errno 3
931 error Error: EACCES, mkdir '/home/james/.npm/commander/2.3.0'
931 error  { [Error: EACCES, mkdir '/home/james/.npm/commander/2.3.0']
931 error   errno: 3,
931 error   code: 'EACCES',
931 error   path: '/home/james/.npm/commander/2.3.0',
931 error   parent: 'mocha' }
932 error Please try running this command again as root/Administrator.
933 verbose exit [ 3, true ]
934 verbose unbuild node_modules/mocha
935 info preuninstall mocha@2.2.5
936 info uninstall mocha@2.2.5
937 verbose unbuild rmStuff mocha@2.2.5 from /home/james/Dropbox/CCE/svc2/node_modules
938 silly gentlyRm /home/james/Dropbox/CCE/svc2/node_modules/.bin/mocha is being gently removed
939 silly gentlyRm verifying /home/james/Dropbox/CCE/svc2 is an npm working directory
940 silly gentlyRm /home/james/Dropbox/CCE/svc2/node_modules/.bin/_mocha is being gently removed
941 silly gentlyRm verifying /home/james/Dropbox/CCE/svc2 is an npm working directory
942 silly gentlyRm containing path /home/james/Dropbox/CCE/svc2 is under npm's control, in /home/james/Dropbox/CCE/svc2
943 silly gentlyRm deletion target /home/james/Dropbox/CCE/svc2/node_modules/.bin/mocha is under /home/james/Dropbox/CCE/svc2
944 verbose gentlyRm vacuuming from /home/james/Dropbox/CCE/svc2/node_modules/.bin/mocha up to /home/james/Dropbox/CCE/svc2
945 silly gentlyRm containing path /home/james/Dropbox/CCE/svc2 is under npm's control, in /home/james/Dropbox/CCE/svc2
946 silly gentlyRm deletion target /home/james/Dropbox/CCE/svc2/node_modules/.bin/_mocha is under /home/james/Dropbox/CCE/svc2
947 verbose gentlyRm vacuuming from /home/james/Dropbox/CCE/svc2/node_modules/.bin/_mocha up to /home/james/Dropbox/CCE/svc2
948 info postuninstall mocha@2.2.5
949 silly gentlyRm /home/james/Dropbox/CCE/svc2/node_modules/mocha is being purged from base /home/james/Dropbox/CCE/svc2
950 verbose gentlyRm don't care about contents; nuking /home/james/Dropbox/CCE/svc2/node_modules/mocha
951 silly vacuum-fs purging /home/james/Dropbox/CCE/svc2/node_modules/mocha
952 silly vacuum-fs quitting because other entries in /home/james/Dropbox/CCE/svc2/node_modules
